0.1 0
0.2 0
0.3 0
0.4 0
0.5 0
0.6 0
0.7 0
0.8 0
0.9 0
1 0
0.01 2.62937e-011
0.02 1.05903e-010
0.03 1.83732e-010
0.04 1.77902e-010
0.05 6.65905e-011
0.06 -1.45961e-010
0.07 -4.59789e-010
0.08 -8.75016e-010
0.09 -1.39169e-009
0.1 -2.00966e-009
0.11 -2.72867e-009
0.12 -3.54842e-009
0.13 -4.46862e-009
0.14 -5.48884e-009
0.15 -6.6083e-009
0.16 -7.82579e-009
0.17 -9.13972e-009
0.18 -1.05482e-008
0.19 -1.20493e-008
0.2 -1.3641e-008
0.21 -1.53211e-008
0.22 -1.7087e-008
0.23 -1.89347e-008
0.24 -2.08594e-008
0.25 -2.28553e-008
0.26 -2.49162e-008
0.27 -2.70368e-008
0.28 -2.92121e-008
0.29 -3.14386e-008
0.3 -3.37138e-008
0.31 -3.60364e-008
0.32 -3.84056e-008
0.33 -4.08201e-008
0.34 -4.32781e-008
0.35 -4.57775e-008
0.36 -4.83155e-008
0.37 -5.08884e-008
0.38 -5.34907e-008
0.39 -5.61147e-008
0.4 -5.87512e-008
0.41 -6.13898e-008
0.42 -6.40194e-008
0.43 -6.66286e-008
0.44 -6.92057e-008
0.45 -7.17395e-008
0.46 -7.42194e-008
0.47 -7.66357e-008
0.48 -7.89795e-008
0.49 -8.12433e-008
0.5 -8.34213e-008
0.51 -8.55094e-008
0.52 -8.75037e-008
0.53 -8.93999e-008
0.54 -9.11919e-008
0.55 -9.28718e-008
0.56 -9.44309e-008
0.57 -9.58589e-008
0.58 -9.71444e-008
0.59 -9.82756e-008
0.6 -9.92431e-008
0.61 -1.00042e-007
0.62 -1.00673e-007
0.63 -1.01138e-007
0.64 -1.01438e-007
0.65 -1.01571e-007
0.66 -1.01532e-007
0.67 -1.01309e-007
0.68 -1.00883e-007
0.69 -1.00236e-007
0.7 -9.93479e-008
0.71 -9.82025e-008
0.72 -9.67881e-008
0.73 -9.51011e-008
0.74 -9.31473e-008
0.75 -9.09392e-008
0.76 -8.84922e-008
0.77 -8.58198e-008
0.78 -8.29314e-008
0.79 -7.98324e-008
0.8 -7.65266e-008
0.81 -7.30178e-008
0.82 -6.93117e-008
0.83 -6.54164e-008
0.84 -6.13427e-008
0.85 -5.71049e-008
0.86 -5.27212e-008
0.87 -4.82135e-008
0.88 -4.36058e-008
0.89 -3.89205e-008
0.9 -3.41773e-008
0.91 -2.93918e-008
0.92 -2.4578e-008
0.93 -1.97508e-008
0.94 -1.49274e-008
0.95 -1.01244e-008
0.96 -5.3548e-009
0.97 -6.26238e-010
0.98 4.05675e-009
0.99 8.68939e-009
1 1.32626e-008
1.01 1.77591e-008
1.02 2.21516e-008
1.03 2.64055e-008
1.04 3.04848e-008
1.05 3.43554e-008
1.06 3.79846e-008
1.07 4.13354e-008
1.08 4.43631e-008
1.09 4.70174e-008
1.1 4.92516e-008
1.11 5.10345e-008
1.12 5.23579e-008
1.13 5.32359e-008
1.14 5.36964e-008
1.15 5.37735e-008
1.16 5.35011e-008
1.17 5.29076e-008
1.18 5.2015e-008
1.19 5.08423e-008
1.2 4.94116e-008
1.21 4.77502e-008
1.22 4.5887e-008
1.23 4.3847e-008
1.24 4.16466e-008
1.25 3.92942e-008
1.26 3.67922e-008
1.27 3.41419e-008
1.28 3.13459e-008
1.29 2.84098e-008
1.3 2.53415e-008
1.31 2.21499e-008
1.32 1.88442e-008
1.33 1.54329e-008
1.34 1.19247e-008
1.35 8.33148e-009
1.36 4.67424e-009
1.37 9.88511e-010
1.38 -2.67282e-009
1.39 -6.24152e-009
1.4 -9.64227e-009
1.41 -1.28053e-008
1.42 -1.56776e-008
1.43 -1.82276e-008
1.44 -2.04415e-008
1.45 -2.2315e-008
1.46 -2.38454e-008
1.47 -2.50271e-008
1.48 -2.58508e-008
1.49 -2.63055e-008
1.5 -2.6379e-008
1.51 -2.60556e-008
1.52 -2.53145e-008
1.53 -2.4131e-008
1.54 -2.24827e-008
1.55 -2.03568e-008
1.56 -1.7757e-008
1.57 -1.47052e-008
1.58 -1.12404e-008
1.59 -7.41703e-009
1.6 -3.30668e-009
1.61 1.00254e-009
1.62 5.41257e-009
1.63 9.82975e-009
1.64 1.41806e-008
1.65 1.84207e-008
1.66 2.25337e-008
1.67 2.6523e-008
1.68 3.03983e-008
1.69 3.41604e-008
1.7 3.77895e-008
1.71 4.12384e-008
1.72 4.44349e-008
1.73 4.72902e-008
1.74 4.97084e-008
1.75 5.1595e-008
1.76 5.28665e-008
1.77 5.34606e-008
1.78 5.33417e-008
1.79 5.2497e-008
1.8 5.09216e-008
1.81 4.85973e-008
1.82 4.54811e-008
1.83 4.15105e-008
1.84 3.66238e-008
1.85 3.07797e-008
1.86 2.39666e-008
1.87 1.61984e-008
1.88 7.50244e-009
1.89 -2.09204e-009
1.9 -1.25607e-008
1.91 -2.38836e-008
1.92 -3.60412e-008
1.93 -4.9009e-008
1.94 -6.27506e-008
1.95 -7.72063e-008
1.96 -9.22856e-008
1.97 -1.07875e-007
1.98 -1.23852e-007
1.99 -1.40096e-007
2 -1.56483e-007
2.01 -1.72888e-007
2.02 -1.89177e-007
2.03 -2.05199e-007
2.04 -2.2078e-007
2.05 -2.35727e-007
2.06 -2.49839e-007
2.07 -2.6293e-007
2.08 -2.74849e-007
2.09 -2.85486e-007
2.1 -2.94753e-007
2.11 -3.02569e-007
2.12 -3.08841e-007
2.13 -3.1346e-007
2.14 -3.16322e-007
2.15 -3.17352e-007
2.16 -3.1651e-007
2.17 -3.13793e-007
2.18 -3.09218e-007
2.19 -3.0281e-007
2.2 -2.94595e-007
2.21 -2.84599e-007
2.22 -2.72872e-007
2.23 -2.59505e-007
2.24 -2.44637e-007
2.25 -2.28447e-007
2.26 -2.11135e-007
2.27 -1.92909e-007
2.28 -1.73979e-007
2.29 -1.54561e-007
2.3 -1.34872e-007
2.31 -1.15119e-007
2.32 -9.54766e-008
2.33 -7.60714e-008
2.34 -5.69885e-008
2.35 -3.82951e-008
2.36 -2.00734e-008
2.37 -2.43882e-009
2.38 1.44776e-008
2.39 3.05722e-008
2.4 4.58045e-008
2.41 6.01968e-008
2.42 7.38024e-008
2.43 8.6664e-008
2.44 9.87891e-008
2.45 1.10147e-007
2.46 1.20686e-007
2.47 1.30349e-007
2.48 1.39097e-007
2.49 1.4692e-007
2.5 1.53859e-007
2.51 1.60023e-007
2.52 1.6561e-007
2.53 1.70891e-007
2.54 1.76186e-007
2.55 1.81823e-007
2.56 1.88113e-007
2.57 1.95324e-007
2.58 2.03669e-007
2.59 2.13303e-007
2.6 2.24338e-007
2.61 2.36864e-007
2.62 2.50973e-007
2.63 2.66768e-007
2.64 2.84363e-007
2.65 3.03873e-007
2.66 3.25396e-007
2.67 3.48981e-007
2.68 3.7461e-007
2.69 4.02206e-007
2.7 4.31665e-007
2.71 4.62874e-007
2.72 4.95701e-007
2.73 5.29971e-007
2.74 5.65444e-007
2.75 6.01817e-007
2.76 6.38746e-007
2.77 6.75887e-007
2.78 7.12924e-007
2.79 7.4957e-007
2.8 7.85546e-007
2.81 8.20541e-007
2.82 8.54196e-007
2.83 8.8611e-007
2.84 9.15876e-007
2.85 9.43131e-007
2.86 9.67596e-007
2.87 9.89093e-007
2.88 1.00753e-006
2.89 1.02288e-006
2.9 1.03509e-006
2.91 1.04409e-006
2.92 1.04975e-006
2.93 1.05192e-006
2.94 1.05043e-006
2.95 1.04514e-006
2.96 1.03594e-006
2.97 1.02273e-006
2.98 1.00542e-006
2.99 9.83965e-007
3 9.58274e-007
3.01 9.28267e-007
3.02 8.93851e-007
3.03 8.54943e-007
3.04 8.11488e-007
3.05 7.63493e-007
3.06 7.11029e-007
3.07 6.54208e-007
3.08 5.93142e-007
3.09 5.27908e-007
3.1 4.58557e-007
3.11 3.85154e-007
3.12 3.07831e-007
3.13 2.26821e-007
3.14 1.42465e-007
3.15 5.51853e-008
3.16 -3.45586e-008
3.17 -1.26303e-007
3.18 -2.196e-007
3.19 -3.14017e-007
3.2 -4.09127e-007
3.21 -5.04511e-007
3.22 -5.99762e-007
3.23 -6.94476e-007
3.24 -7.88223e-007
3.25 -8.80541e-007
3.26 -9.70941e-007
3.27 -1.05895e-006
3.28 -1.14416e-006
3.29 -1.22626e-006
3.3 -1.30504e-006
3.31 -1.38042e-006
3.32 -1.45236e-006
3.33 -1.52081e-006
3.34 -1.58567e-006
3.35 -1.64678e-006
3.36 -1.70398e-006
3.37 -1.7571e-006
3.38 -1.806e-006
3.39 -1.85059e-006
3.4 -1.89075e-006
3.41 -1.92641e-006
3.42 -1.95748e-006
3.43 -1.98386e-006
3.44 -2.0054e-006
3.45 -2.02193e-006
3.46 -2.03326e-006
3.47 -2.03922e-006
3.48 -2.03964e-006
3.49 -2.03439e-006
3.5 -2.02335e-006
3.51 -2.00644e-006
3.52 -1.98365e-006
3.53 -1.95503e-006
3.54 -1.92064e-006
3.55 -1.88062e-006
3.56 -1.8351e-006
3.57 -1.78421e-006
3.58 -1.72811e-006
3.59 -1.66697e-006
3.6 -1.60098e-006
3.61 -1.53044e-006
3.62 -1.45572e-006
3.63 -1.37728e-006
3.64 -1.29564e-006
3.65 -1.21125e-006
3.66 -1.12453e-006
3.67 -1.03578e-006
3.68 -9.4527e-007
3.69 -8.53286e-007
3.7 -7.60168e-007
3.71 -6.66323e-007
3.72 -5.72175e-007
3.73 -4.78106e-007
3.74 -3.84402e-007
3.75 -2.91238e-007
3.76 -1.9871e-007
3.77 -1.06898e-007
3.78 -1.59522e-008
3.79 7.3863e-008
3.8 1.62169e-007
3.81 2.48541e-007
3.82 3.32608e-007
3.83 4.14132e-007
3.84 4.93027e-007
3.85 5.69341e-007
3.86 6.43204e-007
3.87 7.14778e-007
3.88 7.84214e-007
3.89 8.51622e-007
3.9 9.17066e-007
3.91 9.80558e-007
3.92 1.04207e-006
3.93 1.10156e-006
3.94 1.15895e-006
3.95 1.21411e-006
3.96 1.26684e-006
3.97 1.3169e-006
3.98 1.36401e-006
3.99 1.40784e-006
4 1.44804e-006
4.01 1.48424e-006
4.02 1.51613e-006
4.03 1.54348e-006
4.04 1.5662e-006
4.05 1.58434e-006
4.06 1.59805e-006
4.07 1.60743e-006
4.08 1.61252e-006
4.09 1.61325e-006
4.1 1.60943e-006
4.11 1.60091e-006
4.12 1.58757e-006
4.13 1.56943e-006
4.14 1.54659e-006
4.15 1.51923e-006
4.16 1.48749e-006
4.17 1.45147e-006
4.18 1.41122e-006
4.19 1.3668e-006
4.2 1.31826e-006
4.21 1.26574e-006
4.22 1.20946e-006
4.23 1.14971e-006
4.24 1.08692e-006
4.25 1.02156e-006
4.26 9.54086e-007
4.27 8.84864e-007
4.28 8.14092e-007
4.29 7.41848e-007
4.3 6.6819e-007
4.31 5.93285e-007
4.32 5.17491e-007
4.33 4.41349e-007
4.34 3.655e-007
4.35 2.9057e-007
4.36 2.17049e-007
4.37 1.45232e-007
4.38 7.52208e-008
4.39 7.00833e-009
4.4 -5.94228e-008
4.41 -1.24026e-007
4.42 -1.86674e-007
4.43 -2.47201e-007
4.44 -3.05475e-007
4.45 -3.61441e-007
4.46 -4.15132e-007
4.47 -4.66647e-007
4.48 -5.16126e-007
4.49 -5.63724e-007
4.5 -6.09581e-007
4.51 -6.53781e-007
4.52 -6.96335e-007
4.53 -7.3718e-007
4.54 -7.76208e-007
4.55 -8.13294e-007
4.56 -8.48315e-007
4.57 -8.81171e-007
4.58 -9.11778e-007
4.59 -9.40063e-007
4.6 -9.65963e-007
4.61 -9.89415e-007
4.62 -1.01036e-006
4.63 -1.02874e-006
4.64 -1.0445e-006
4.65 -1.0576e-006
4.66 -1.068e-006
4.67 -1.07569e-006
4.68 -1.08063e-006
4.69 -1.08277e-006
4.7 -1.08201e-006
4.71 -1.0782e-006
4.72 -1.07124e-006
4.73 -1.06107e-006
4.74 -1.04778e-006
4.75 -1.03153e-006
4.76 -1.01254e-006
4.77 -9.90975e-007
4.78 -9.66895e-007
4.79 -9.40246e-007
4.8 -9.10919e-007
4.81 -8.78829e-007
4.82 -8.43966e-007
4.83 -8.06408e-007
4.84 -7.66306e-007
4.85 -7.2386e-007
4.86 -6.79314e-007
4.87 -6.32934e-007
4.88 -5.84992e-007
4.89 -5.35753e-007
4.9 -4.85483e-007
4.91 -4.34481e-007
4.92 -3.831e-007
4.93 -3.31742e-007
4.94 -2.80821e-007
4.95 -2.30737e-007
4.96 -1.81867e-007
4.97 -1.3458e-007
4.98 -8.92375e-008
4.99 -4.61804e-008
5 -5.70031e-009
5.01 3.19872e-008
5.02 6.67511e-008
5.03 9.8542e-008
5.04 1.27384e-007
5.05 1.53357e-007
5.06 1.76558e-007
5.07 1.97065e-007
5.08 2.14909e-007
5.09 2.30081e-007
5.1 2.42573e-007
5.11 2.52425e-007
5.12 2.59748e-007
5.13 2.64716e-007
5.14 2.67524e-007
5.15 2.68327e-007
5.16 2.67207e-007
5.17 2.6418e-007
5.18 2.59253e-007
5.19 2.52496e-007
5.2 2.44065e-007
5.21 2.34202e-007
5.22 2.23209e-007
5.23 2.11426e-007
5.24 1.99206e-007
5.25 1.86897e-007
5.26 1.74823e-007
5.27 1.63279e-007
5.28 1.52521e-007
5.29 1.42775e-007
5.3 1.34227e-007
5.31 1.27041e-007
5.32 1.21409e-007
5.33 1.17595e-007
5.34 1.15942e-007
5.35 1.16836e-007
5.36 1.20642e-007
5.37 1.27642e-007
5.38 1.37991e-007
5.39 1.51701e-007
5.4 1.68678e-007
5.41 1.88788e-007
5.42 2.11933e-007
5.43 2.38123e-007
5.44 2.67482e-007
5.45 3.00201e-007
5.46 3.36464e-007
5.47 3.76367e-007
5.48 4.19884e-007
5.49 4.6687e-007
5.5 5.1709e-007
5.51 5.70272e-007
5.52 6.26132e-007
5.53 6.84376e-007
5.54 7.44696e-007
5.55 8.06775e-007
5.56 8.70302e-007
5.57 9.34971e-007
5.58 1.00047e-006
5.59 1.06641e-006
5.6 1.13235e-006
5.61 1.19777e-006
5.62 1.2621e-006
5.63 1.32471e-006
5.64 1.38493e-006
5.65 1.44206e-006
5.66 1.4954e-006
5.67 1.54428e-006
5.68 1.58814e-006
5.69 1.62653e-006
5.7 1.65909e-006
5.71 1.68551e-006
5.72 1.70549e-006
5.73 1.71871e-006
5.74 1.72481e-006
5.75 1.72346e-006
5.76 1.71434e-006
5.77 1.69723e-006
5.78 1.67197e-006
5.79 1.6385e-006
5.8 1.59681e-006
5.81 1.54695e-006
5.82 1.48901e-006
5.83 1.42309e-006
5.84 1.34931e-006
5.85 1.26777e-006
5.86 1.17859e-006
5.87 1.08187e-006
5.88 9.77846e-007
5.89 8.66837e-007
5.9 7.49293e-007
5.91 6.25715e-007
5.92 4.96618e-007
5.93 3.62508e-007
5.94 2.239e-007
5.95 8.13597e-008
5.96 -6.44636e-008
5.97 -2.12821e-007
5.98 -3.62876e-007
5.99 -5.1373e-007
6 -6.64477e-007
6.01 -8.14266e-007
6.02 -9.62331e-007
6.03 -1.108e-006
6.04 -1.25071e-006
6.05 -1.38994e-006
6.06 -1.52526e-006
6.07 -1.65631e-006
6.08 -1.78283e-006
6.09 -1.90463e-006
6.1 -2.02159e-006
6.11 -2.13359e-006
6.12 -2.24049e-006
6.13 -2.34209e-006
6.14 -2.43814e-006
6.15 -2.52841e-006
6.16 -2.61271e-006
6.17 -2.69089e-006
6.18 -2.76287e-006
6.19 -2.82857e-006
6.2 -2.8879e-006
6.21 -2.94081e-006
6.22 -2.98724e-006
6.23 -3.02722e-006
6.24 -3.06079e-006
6.25 -3.08798e-006
6.26 -3.1088e-006
6.27 -3.12323e-006
6.28 -3.13126e-006
6.29 -3.13285e-006
6.3 -3.12798e-006
6.31 -3.11671e-006
6.32 -3.09908e-006
6.33 -3.07517e-006
6.34 -3.04507e-006
6.35 -3.00888e-006
6.36 -2.96673e-006
6.37 -2.91873e-006
6.38 -2.86503e-006
6.39 -2.8058e-006
6.4 -2.74121e-006
6.41 -2.67146e-006
6.42 -2.59677e-006
6.43 -2.51734e-006
6.44 -2.43336e-006
6.45 -2.34496e-006
6.46 -2.25219e-006
6.47 -2.15504e-006
6.48 -2.05341e-006
6.49 -1.94725e-006
6.5 -1.83649e-006
6.51 -1.72111e-006
6.52 -1.60112e-006
6.53 -1.47657e-006
6.54 -1.34758e-006
6.55 -1.21433e-006
6.56 -1.07704e-006
6.57 -9.35971e-007
6.58 -7.9138e-007
6.59 -6.43581e-007
6.6 -4.92927e-007
6.61 -3.39841e-007
6.62 -1.84828e-007
6.63 -2.85055e-008
6.64 1.284e-007
6.65 2.85091e-007
6.66 4.40752e-007
6.67 5.94619e-007
6.68 7.46043e-007
6.69 8.94511e-007
6.7 1.03961e-006
6.71 1.18097e-006
6.72 1.31824e-006
6.73 1.45106e-006
6.74 1.57904e-006
6.75 1.70184e-006
6.76 1.81915e-006
6.77 1.93072e-006
6.78 2.03637e-006
6.79 2.13597e-006
6.8 2.22934e-006
6.81 2.31628e-006
6.82 2.39651e-006
6.83 2.46969e-006
6.84 2.53545e-006
6.85 2.59346e-006
6.86 2.64338e-006
6.87 2.68494e-006
6.88 2.7179e-006
6.89 2.74211e-006
6.9 2.75744e-006
6.91 2.76376e-006
6.92 2.76098e-006
6.93 2.74894e-006
6.94 2.72753e-006
6.95 2.69662e-006
6.96 2.65618e-006
6.97 2.60625e-006
6.98 2.54704e-006
6.99 2.47886e-006
7 2.40214e-006
7.01 2.31742e-006
7.02 2.22532e-006
7.03 2.12655e-006
7.04 2.0219e-006
7.05 1.91219e-006
7.06 1.79829e-006
7.07 1.68105e-006
7.08 1.5613e-006
7.09 1.43986e-006
7.1 1.31747e-006
7.11 1.19482e-006
7.12 1.07257e-006
7.13 9.5127e-007
7.14 8.31434e-007
7.15 7.1352e-007
7.16 5.97972e-007
7.17 4.85226e-007
7.18 3.75677e-007
7.19 2.6964e-007
7.2 1.6734e-007
7.21 6.89365e-008
7.22 -2.54475e-008
7.23 -1.15665e-007
7.24 -2.0152e-007
7.25 -2.82797e-007
7.26 -3.59302e-007
7.27 -4.3089e-007
7.28 -4.97459e-007
7.29 -5.58962e-007
7.3 -6.15422e-007
7.31 -6.66931e-007
7.32 -7.13643e-007
7.33 -7.5576e-007
7.34 -7.93498e-007
7.35 -8.27063e-007
7.36 -8.56662e-007
7.37 -8.82538e-007
7.38 -9.05001e-007
7.39 -9.24457e-007
7.4 -9.41452e-007
7.41 -9.5667e-007
7.42 -9.70923e-007
7.43 -9.85118e-007
7.44 -1.00021e-006
7.45 -1.01713e-006
7.46 -1.03682e-006
7.47 -1.06013e-006
7.48 -1.08792e-006
7.49 -1.121e-006
7.5 -1.16014e-006
7.51 -1.20605e-006
7.52 -1.25941e-006
7.53 -1.32082e-006
7.54 -1.39081e-006
7.55 -1.46985e-006
7.56 -1.55835e-006
7.57 -1.65661e-006
7.58 -1.76477e-006
7.59 -1.88279e-006
7.6 -2.01047e-006
7.61 -2.14746e-006
7.62 -2.29329e-006
7.63 -2.44745e-006
7.64 -2.60932e-006
7.65 -2.77821e-006
7.66 -2.95328e-006
7.67 -3.13352e-006
7.68 -3.31779e-006
7.69 -3.50476e-006
7.7 -3.693e-006
7.71 -3.88096e-006
7.72 -4.06705e-006
7.73 -4.24963e-006
7.74 -4.42709e-006
7.75 -4.59788e-006
7.76 -4.76053e-006
7.77 -4.91361e-006
7.78 -5.05576e-006
7.79 -5.1857e-006
7.8 -5.3022e-006
7.81 -5.40409e-006
7.82 -5.49024e-006
7.83 -5.55954e-006
7.84 -5.61087e-006
7.85 -5.64311e-006
7.86 -5.65518e-006
7.87 -5.64606e-006
7.88 -5.61482e-006
7.89 -5.56067e-006
7.9 -5.48298e-006
7.91 -5.38125e-006
7.92 -5.25513e-006
7.93 -5.10434e-006
7.94 -4.92868e-006
7.95 -4.72799e-006
7.96 -4.50219e-006
7.97 -4.25129e-006
7.98 -3.97546e-006
7.99 -3.67499e-006
8 -3.35034e-006
8.01 -3.00206e-006
8.02 -2.63087e-006
8.03 -2.23761e-006
8.04 -1.82319e-006
8.05 -1.38857e-006
8.06 -9.34801e-007
8.07 -4.6301e-007
8.08 2.55596e-008
8.09 5.29533e-007
8.1 1.04741e-006
8.11 1.57759e-006
8.12 2.11843e-006
8.13 2.66828e-006
8.14 3.22548e-006
8.15 3.78838e-006
8.16 4.35532e-006
8.17 4.92458e-006
8.18 5.49432e-006
8.19 6.06254e-006
8.2 6.6271e-006
8.21 7.18572e-006
8.22 7.73602e-006
8.23 8.27558e-006
8.24 8.80203e-006
8.25 9.31303e-006
8.26 9.80642e-006
8.27 1.02802e-005
8.28 1.07324e-005
8.29 1.11612e-005
8.3 1.1565e-005
8.31 1.1942e-005
8.32 1.22907e-005
8.33 1.26099e-005
8.34 1.28984e-005
8.35 1.31553e-005
8.36 1.33797e-005
8.37 1.35708e-005
8.38 1.3728e-005
8.39 1.38506e-005
8.4 1.3938e-005
8.41 1.399e-005
8.42 1.40063e-005
8.43 1.39868e-005
8.44 1.39315e-005
8.45 1.38407e-005
8.46 1.37148e-005
8.47 1.3554e-005
8.48 1.33591e-005
8.49 1.31307e-005
8.5 1.28696e-005
8.51 1.25769e-005
8.52 1.22535e-005
8.53 1.19005e-005
8.54 1.15191e-005
8.55 1.11105e-005
8.56 1.06759e-005
8.57 1.02165e-005
8.58 9.73363e-006
8.59 9.22847e-006
8.6 8.7023e-006
8.61 8.15645e-006
8.62 7.59235e-006
8.63 7.0115e-006
8.64 6.4155e-006
8.65 5.80603e-006
8.66 5.18484e-006
8.67 4.55371e-006
8.68 3.91447e-006
8.69 3.2689e-006
8.7 2.61875e-006
8.71 1.96572e-006
8.72 1.31147e-006
8.73 6.57629e-007
8.74 5.80422e-009
8.75 -6.42447e-007
8.76 -1.28564e-006
8.77 -1.92238e-006
8.78 -2.55132e-006
8.79 -3.17117e-006
8.8 -3.78067e-006
8.81 -4.37855e-006
8.82 -4.9636e-006
8.83 -5.5346e-006
8.84 -6.09038e-006
8.85 -6.6298e-006
8.86 -7.15176e-006
8.87 -7.65519e-006
8.88 -8.1391e-006
8.89 -8.60258e-006
8.9 -9.04473e-006
8.91 -9.4646e-006
8.92 -9.86119e-006
8.93 -1.02335e-005
8.94 -1.05805e-005
8.95 -1.09012e-005
8.96 -1.11946e-005
8.97 -1.14599e-005
8.98 -1.16962e-005
8.99 -1.19029e-005
9 -1.20795e-005
9.01 -1.22252e-005
9.02 -1.23395e-005
9.03 -1.24219e-005
9.04 -1.24716e-005
9.05 -1.24882e-005
9.06 -1.24712e-005
9.07 -1.24202e-005
9.08 -1.23354e-005
9.09 -1.22167e-005
9.1 -1.20644e-005
9.11 -1.18789e-005
9.12 -1.16606e-005
9.13 -1.14097e-005
9.14 -1.11265e-005
9.15 -1.08115e-005
9.16 -1.04651e-005
9.17 -1.00876e-005
9.18 -9.67965e-006
9.19 -9.24174e-006
9.2 -8.77451e-006
9.21 -8.27871e-006
9.22 -7.75517e-006
9.23 -7.20483e-006
9.24 -6.62875e-006
9.25 -6.02809e-006
9.26 -5.40404e-006
9.27 -4.75781e-006
9.28 -4.09073e-006
9.29 -3.40416e-006
9.3 -2.69957e-006
9.31 -1.97856e-006
9.32 -1.24284e-006
9.33 -4.94204e-007
9.34 2.65497e-007
9.35 1.03438e-006
9.36 1.81052e-006
9.37 2.59197e-006
9.38 3.37666e-006
9.39 4.16243e-006
9.4 4.94711e-006
9.41 5.72847e-006
9.42 6.50429e-006
9.43 7.27234e-006
9.44 8.03037e-006
9.45 8.77614e-006
9.46 9.50732e-006
9.47 1.02216e-005
9.48 1.09165e-005
9.49 1.15898e-005
9.5 1.22392e-005
9.51 1.28625e-005
9.52 1.34576e-005
9.53 1.40225e-005
9.54 1.45553e-005
9.55 1.50541e-005
9.56 1.55171e-005
9.57 1.59427e-005
9.58 1.63293e-005
9.59 1.66754e-005
9.6 1.69794e-005
9.61 1.724e-005
9.62 1.74559e-005
9.63 1.76259e-005
9.64 1.77487e-005
9.65 1.78234e-005
9.66 1.78492e-005
9.67 1.78255e-005
9.68 1.77515e-005
9.69 1.7627e-005
9.7 1.74518e-005
9.71 1.72258e-005
9.72 1.69492e-005
9.73 1.66223e-005
9.74 1.62458e-005
9.75 1.58204e-005
9.76 1.53467e-005
9.77 1.48257e-005
9.78 1.42585e-005
9.79 1.36462e-005
9.8 1.29899e-005
9.81 1.22909e-005
9.82 1.15504e-005
9.83 1.07698e-005
9.84 9.9506e-006
9.85 9.09444e-006
9.86 8.2031e-006
9.87 7.27846e-006
9.88 6.32261e-006
9.89 5.33776e-006
9.9 4.32634e-006
9.91 3.29086e-006
9.92 2.23399e-006
9.93 1.15849e-006
9.94 6.72221e-008
9.95 -1.03684e-006
9.96 -2.15055e-006
9.97 -3.27061e-006
9.98 -4.39354e-006
9.99 -5.5157e-006
10 -6.63337e-006
10.01 -7.74276e-006
10.02 -8.84011e-006
10.03 -9.92178e-006
10.04 -1.09842e-005
10.05 -1.20241e-005
10.06 -1.30382e-005
10.07 -1.40233e-005
10.08 -1.49765e-005
10.09 -1.58949e-005
10.1 -1.67757e-005
10.11 -1.76162e-005
10.12 -1.84136e-005
10.13 -1.91649e-005
10.14 -1.98672e-005
10.15 -2.05177e-005
10.16 -2.11137e-005
10.17 -2.16527e-005
10.18 -2.21321e-005
10.19 -2.25497e-005
10.2 -2.29035e-005
10.21 -2.31915e-005
10.22 -2.34118e-005
10.23 -2.35632e-005
10.24 -2.36444e-005
10.25 -2.36546e-005
10.26 -2.35932e-005
10.27 -2.34602e-005
10.28 -2.32555e-005
10.29 -2.29796e-005
10.3 -2.26331e-005
10.31 -2.2217e-005
10.32 -2.17325e-005
10.33 -2.1181e-005
10.34 -2.05642e-005
10.35 -1.98838e-005
10.36 -1.9142e-005
10.37 -1.83411e-005
10.38 -1.74838e-005
10.39 -1.65728e-005
10.4 -1.56114e-005
10.41 -1.46028e-005
10.42 -1.35507e-005
10.43 -1.2459e-005
10.44 -1.13318e-005
10.45 -1.01734e-005
10.46 -8.98821e-006
10.47 -7.78062e-006
10.48 -6.555e-006
10.49 -5.31567e-006
10.5 -4.0669e-006
10.51 -2.81299e-006
10.52 -1.55826e-006
10.53 -3.06967e-007
10.54 9.36754e-007
10.55 2.16891e-006
10.56 3.38569e-006
10.57 4.58347e-006
10.58 5.75882e-006
10.59 6.90848e-006
10.6 8.02935e-006
10.61 9.11848e-006
10.62 1.0173e-005
10.63 1.11902e-005
10.64 1.21675e-005
10.65 1.31025e-005
10.66 1.39928e-005
10.67 1.48364e-005
10.68 1.56313e-005
10.69 1.63758e-005
10.7 1.70681e-005
10.71 1.77064e-005
10.72 1.82891e-005
10.73 1.88147e-005
10.74 1.92815e-005
10.75 1.96881e-005
10.76 2.00332e-005
10.77 2.03156e-005
10.78 2.05342e-005
10.79 2.06881e-005
10.8 2.07763e-005
10.81 2.07981e-005
10.82 2.07528e-005
10.83 2.064e-005
10.84 2.04594e-005
10.85 2.02109e-005
10.86 1.98947e-005
10.87 1.95113e-005
10.88 1.90615e-005
10.89 1.85465e-005
10.9 1.79676e-005
10.91 1.73264e-005
10.92 1.66246e-005
10.93 1.58644e-005
10.94 1.50479e-005
10.95 1.41778e-005
10.96 1.3257e-005
10.97 1.22884e-005
10.98 1.12756e-005
10.99 1.02222e-005
11 9.13211e-006
11.01 8.00935e-006
11.02 6.85809e-006
11.03 5.6825e-006
11.04 4.48675e-006
11.05 3.27505e-006
11.06 2.05156e-006
11.07 8.20475e-007
11.08 -4.13971e-007
11.09 -1.64754e-006
11.1 -2.87601e-006
11.11 -4.09514e-006
11.12 -5.30072e-006
11.13 -6.48859e-006
11.14 -7.65472e-006
11.15 -8.79529e-006
11.16 -9.90677e-006
11.17 -1.0986e-005
11.18 -1.20301e-005
11.19 -1.30367e-005
11.2 -1.40036e-005
11.21 -1.49292e-005
11.22 -1.58119e-005
11.23 -1.66504e-005
11.24 -1.74436e-005
11.25 -1.81905e-005
11.26 -1.88902e-005
11.27 -1.95419e-005
11.28 -2.01449e-005
11.29 -2.06986e-005
11.3 -2.12025e-005
11.31 -2.16563e-005
11.32 -2.20595e-005
11.33 -2.24123e-005
11.34 -2.27143e-005
11.35 -2.29656e-005
11.36 -2.31661e-005
11.37 -2.33159e-005
11.38 -2.34151e-005
11.39 -2.34639e-005
11.4 -2.34625e-005
11.41 -2.34112e-005
11.42 -2.33105e-005
11.43 -2.31608e-005
11.44 -2.29626e-005
11.45 -2.27163e-005
11.46 -2.24221e-005
11.47 -2.20804e-005
11.48 -2.1691e-005
11.49 -2.1254e-005
11.5 -2.07693e-005
11.51 -2.02365e-005
11.52 -1.96557e-005
11.53 -1.90269e-005
11.54 -1.83503e-005
11.55 -1.76264e-005
11.56 -1.68563e-005
11.57 -1.6041e-005
11.58 -1.51821e-005
11.59 -1.42809e-005
11.6 -1.33393e-005
11.61 -1.23589e-005
11.62 -1.13416e-005
11.63 -1.02896e-005
11.64 -9.2051e-006
11.65 -8.0907e-006
11.66 -6.94922e-006
11.67 -5.78371e-006
11.68 -4.59748e-006
11.69 -3.39402e-006
11.7 -2.17694e-006
11.71 -9.49859e-007
11.72 2.83566e-007
11.73 1.51964e-006
11.74 2.75463e-006
11.75 3.98476e-006
11.76 5.20616e-006
11.77 6.41488e-006
11.78 7.6069e-006
11.79 8.77814e-006
11.8 9.92449e-006
11.81 1.10418e-005
11.82 1.21261e-005
11.83 1.31734e-005
11.84 1.41799e-005
11.85 1.51422e-005
11.86 1.60569e-005
11.87 1.69209e-005
11.88 1.77316e-005
11.89 1.84863e-005
11.9 1.91827e-005
11.91 1.9819e-005
11.92 2.03932e-005
11.93 2.09038e-005
11.94 2.13495e-005
11.95 2.17294e-005
11.96 2.20425e-005
11.97 2.22885e-005
11.98 2.24668e-005
11.99 2.25772e-005
12 2.26195e-005
12.01 2.25937e-005
12.02 2.25002e-005
12.03 2.23391e-005
12.04 2.2111e-005
12.05 2.18167e-005
12.06 2.14572e-005
12.07 2.10339e-005
12.08 2.05485e-005
12.09 2.00027e-005
12.1 1.93988e-005
12.11 1.87392e-005
12.12 1.80263e-005
12.13 1.72629e-005
12.14 1.64517e-005
12.15 1.55955e-005
12.16 1.46972e-005
12.17 1.37596e-005
12.18 1.27855e-005
12.19 1.17777e-005
12.2 1.0739e-005
12.21 9.67229e-006
12.22 8.58047e-006
12.23 7.46672e-006
12.24 6.33429e-006
12.25 5.18663e-006
12.26 4.0273e-006
12.27 2.85997e-006
12.28 1.68843e-006
12.29 5.16608e-007
12.3 -6.51533e-007
12.31 -1.81199e-006
12.32 -2.96073e-006
12.33 -4.09371e-006
12.34 -5.20691e-006
12.35 -6.29629e-006
12.36 -7.35793e-006
12.37 -8.38806e-006
12.38 -9.38309e-006
12.39 -1.03396e-005
12.4 -1.12544e-005
12.41 -1.21242e-005
12.42 -1.29459e-005
12.43 -1.37165e-005
12.44 -1.44332e-005
12.45 -1.50932e-005
12.46 -1.56938e-005
12.47 -1.62328e-005
12.48 -1.67078e-005
12.49 -1.71168e-005
12.5 -1.74579e-005
12.51 -1.77294e-005
12.52 -1.79299e-005
12.53 -1.80582e-005
12.54 -1.81135e-005
12.55 -1.80951e-005
12.56 -1.8003e-005
12.57 -1.78373e-005
12.58 -1.75983e-005
12.59 -1.72871e-005
12.6 -1.69049e-005
12.61 -1.64536e-005
12.62 -1.59354e-005
12.63 -1.53532e-005
12.64 -1.47105e-005
12.65 -1.40112e-005
12.66 -1.32594e-005
12.67 -1.24597e-005
12.68 -1.16164e-005
12.69 -1.07342e-005
12.7 -9.81763e-006
12.71 -8.87111e-006
12.72 -7.89911e-006
12.73 -6.90596e-006
12.74 -5.89589e-006
12.75 -4.87306e-006
12.76 -3.84162e-006
12.77 -2.8057e-006
12.78 -1.76944e-006
12.79 -7.36968e-007
12.8 2.87684e-007
12.81 1.30062e-006
12.82 2.29808e-006
12.83 3.27652e-006
12.84 4.23259e-006
12.85 5.16318e-006
12.86 6.06536e-006
12.87 6.93635e-006
12.88 7.77351e-006
12.89 8.57436e-006
12.9 9.33659e-006
12.91 1.00581e-005
12.92 1.07372e-005
12.93 1.13723e-005
12.94 1.1962e-005
12.95 1.25053e-005
12.96 1.30011e-005
12.97 1.34486e-005
12.98 1.38471e-005
12.99 1.4196e-005
13 1.44949e-005
13.01 1.47434e-005
13.02 1.49413e-005
13.03 1.50884e-005
13.04 1.51847e-005
13.05 1.52304e-005
13.06 1.5226e-005
13.07 1.51724e-005
13.08 1.50705e-005
13.09 1.49216e-005
13.1 1.47273e-005
13.11 1.4489e-005
13.12 1.42088e-005
13.13 1.38883e-005
13.14 1.35293e-005
13.15 1.31337e-005
13.16 1.27028e-005
13.17 1.22381e-005
13.18 1.17405e-005
13.19 1.1211e-005
13.2 1.06503e-005
13.21 1.00592e-005
13.22 9.43855e-006
13.23 8.78933e-006
13.24 8.113e-006
13.25 7.41133e-006
13.26 6.68642e-006
13.27 5.9406e-006
13.28 5.17639e-006
13.29 4.39638e-006
13.3 3.60319e-006
13.31 2.79952e-006
13.32 1.98818e-006
13.33 1.1721e-006
13.34 3.54332e-007
13.35 -4.61994e-007
13.36 -1.2737e-006
13.37 -2.07764e-006
13.38 -2.87064e-006
13.39 -3.64953e-006
13.4 -4.4111e-006
13.41 -5.15214e-006
13.42 -5.86939e-006
13.43 -6.55962e-006
13.44 -7.2196e-006
13.45 -7.84615e-006
13.46 -8.43624e-006
13.47 -8.98703e-006
13.48 -9.49592e-006
13.49 -9.96056e-006
13.5 -1.03788e-005
13.51 -1.07489e-005
13.52 -1.10691e-005
13.53 -1.13383e-005
13.54 -1.15553e-005
13.55 -1.17194e-005
13.56 -1.18302e-005
13.57 -1.18877e-005
13.58 -1.18919e-005
13.59 -1.18433e-005
13.6 -1.17427e-005
13.61 -1.1591e-005
13.62 -1.13894e-005
13.63 -1.11392e-005
13.64 -1.08422e-005
13.65 -1.05e-005
13.66 -1.01145e-005
13.67 -9.68782e-006
13.68 -9.22197e-006
13.69 -8.71918e-006
13.7 -8.18176e-006
13.71 -7.61212e-006
13.72 -7.01279e-006
13.73 -6.38651e-006
13.74 -5.73623e-006
13.75 -5.06508e-006
13.76 -4.37633e-006
13.77 -3.67336e-006
13.78 -2.95955e-006
13.79 -2.23823e-006
13.8 -1.51261e-006
13.81 -7.85806e-007
13.82 -6.08914e-008
13.83 6.59074e-007
13.84 1.37108e-006
13.85 2.0722e-006
13.86 2.75957e-006
13.87 3.43037e-006
13.88 4.08186e-006
13.89 4.71138e-006
13.9 5.31635e-006
13.91 5.89429e-006
13.92 6.44289e-006
13.93 6.95998e-006
13.94 7.44359e-006
13.95 7.89199e-006
13.96 8.30371e-006
13.97 8.67761e-006
13.98 9.01281e-006
13.99 9.30871e-006
14 9.56495e-006
14.01 9.78145e-006
14.02 9.95831e-006
14.03 1.00958e-005
14.04 1.01945e-005
14.05 1.02549e-005
14.06 1.02775e-005
14.07 1.02628e-005
14.08 1.02116e-005
14.09 1.01245e-005
14.1 1.00022e-005
14.11 9.8456e-006
14.12 9.65567e-006
14.13 9.43348e-006
14.14 9.1802e-006
14.15 8.89707e-006
14.16 8.58543e-006
14.17 8.24672e-006
14.18 7.88245e-006
14.19 7.49422e-006
14.2 7.08364e-006
14.21 6.65238e-006
14.22 6.20212e-006
14.23 5.73454e-006
14.24 5.25124e-006
14.25 4.75377e-006
14.26 4.24363e-006
14.27 3.72226e-006
14.28 3.19114e-006
14.29 2.65175e-006
14.3 2.10564e-006
14.31 1.55443e-006
14.32 9.99839e-007
14.33 4.43765e-007
14.34 -1.11812e-007
14.35 -6.6489e-007
14.36 -1.21352e-006
14.37 -1.7559e-006
14.38 -2.29044e-006
14.39 -2.81582e-006
14.4 -3.33093e-006
14.41 -3.83484e-006
14.42 -4.32677e-006
14.43 -4.806e-006
14.44 -5.27185e-006
14.45 -5.72363e-006
14.46 -6.16067e-006
14.47 -6.5823e-006
14.48 -6.9879e-006
14.49 -7.37688e-006
14.5 -7.74871e-006
14.51 -8.10289e-006
14.52 -8.43892e-006
14.53 -8.75628e-006
14.54 -9.05444e-006
14.55 -9.33283e-006
14.56 -9.59079e-006
14.57 -9.82761e-006
14.58 -1.00424e-005
14.59 -1.02342e-005
14.6 -1.04019e-005
14.61 -1.05445e-005
14.62 -1.06611e-005
14.63 -1.07508e-005
14.64 -1.08128e-005
14.65 -1.08466e-005
14.66 -1.08513e-005
14.67 -1.08264e-005
14.68 -1.07712e-005
14.69 -1.06849e-005
14.7 -1.05669e-005
14.71 -1.04168e-005
14.72 -1.0234e-005
14.73 -1.00182e-005
14.74 -9.7695e-006
14.75 -9.48773e-006
14.76 -9.17309e-006
14.77 -8.82585e-006
14.78 -8.44641e-006
14.79 -8.03528e-006
14.8 -7.59314e-006
14.81 -7.12088e-006
14.82 -6.61969e-006
14.83 -6.09104e-006
14.84 -5.5367e-006
14.85 -4.95878e-006
14.86 -4.35963e-006
14.87 -3.74178e-006
14.88 -3.10794e-006
14.89 -2.46087e-006
14.9 -1.80336e-006
14.91 -1.13821e-006
14.92 -4.68157e-007
14.93 2.0414e-007
14.94 8.76183e-007
14.95 1.54561e-006
14.96 2.21019e-006
14.97 2.86781e-006
14.98 3.51644e-006
14.99 4.15409e-006
15 4.77888e-006
15.01 5.38903e-006
15.02 5.98292e-006
15.03 6.5591e-006
15.04 7.1163e-006
15.05 7.65347e-006
15.06 8.16966e-006
15.07 8.66404e-006
15.08 9.13584e-006
15.09 9.58432e-006
15.1 1.00088e-005
15.11 1.04087e-005
15.12 1.07837e-005
15.13 1.11332e-005
15.14 1.14571e-005
15.15 1.17552e-005
15.16 1.20273e-005
15.17 1.22732e-005
15.18 1.24925e-005
15.19 1.26848e-005
15.2 1.28498e-005
15.21 1.29871e-005
15.22 1.30962e-005
15.23 1.31771e-005
15.24 1.32294e-005
15.25 1.3253e-005
15.26 1.32479e-005
15.27 1.32142e-005
15.28 1.3152e-005
15.29 1.30616e-005
15.3 1.29433e-005
15.31 1.27975e-005
15.32 1.26248e-005
15.33 1.24258e-005
15.34 1.22012e-005
15.35 1.1952e-005
15.36 1.16791e-005
15.37 1.13835e-005
15.38 1.1066e-005
15.39 1.07273e-005
15.4 1.03682e-005
15.41 9.98943e-006
15.42 9.59174e-006
15.43 9.17592e-006
15.44 8.74281e-006
15.45 8.2932e-006
15.46 7.82782e-006
15.47 7.34742e-006
15.48 6.85274e-006
15.49 6.3446e-006
15.5 5.82394e-006
15.51 5.29181e-006
15.52 4.74933e-006
15.53 4.19763e-006
15.54 3.63784e-006
15.55 3.07109e-006
15.56 2.49844e-006
15.57 1.92099e-006
15.58 1.33984e-006
15.59 7.56109e-007
15.6 1.70925e-007
15.61 -4.14647e-007
15.62 -9.9957e-007
15.63 -1.58279e-006
15.64 -2.16322e-006
15.65 -2.73973e-006
15.66 -3.31111e-006
15.67 -3.87614e-006
15.68 -4.43355e-006
15.69 -4.98205e-006
15.7 -5.52026e-006
15.71 -6.04674e-006
15.72 -6.56004e-006
15.73 -7.05872e-006
15.74 -7.54127e-006
15.75 -8.00617e-006
15.76 -8.45184e-006
15.77 -8.87668e-006
15.78 -9.27905e-006
15.79 -9.65732e-006
15.8 -1.00099e-005
15.81 -1.03354e-005
15.82 -1.06324e-005
15.83 -1.08997e-005
15.84 -1.11364e-005
15.85 -1.13417e-005
15.86 -1.15148e-005
15.87 -1.16551e-005
15.88 -1.1762e-005
15.89 -1.18352e-005
15.9 -1.18743e-005
15.91 -1.18789e-005
15.92 -1.18488e-005
15.93 -1.17837e-005
15.94 -1.16834e-005
15.95 -1.15477e-005
15.96 -1.13762e-005
15.97 -1.11687e-005
15.98 -1.09252e-005
15.99 -1.06454e-005
16 -1.03296e-005
16.01 -9.97802e-006
16.02 -9.59102e-006
16.03 -9.16923e-006
16.04 -8.71338e-006
16.05 -8.22436e-006
16.06 -7.70327e-006
16.07 -7.15141e-006
16.08 -6.57034e-006
16.09 -5.96183e-006
16.1 -5.3278e-006
16.11 -4.67027e-006
16.12 -3.9913e-006
16.13 -3.29287e-006
16.14 -2.57695e-006
16.15 -1.84549e-006
16.16 -1.10042e-006
16.17 -3.43726e-007
16.18 4.22625e-007
16.19 1.19664e-006
16.2 1.97628e-006
16.21 2.75948e-006
16.22 3.54412e-006
16.23 4.32803e-006
16.24 5.10897e-006
16.25 5.88466e-006
16.26 6.65274e-006
16.27 7.41079e-006
16.28 8.15631e-006
16.29 8.88666e-006
16.3 9.59906e-006
16.31 1.02906e-005
16.32 1.09584e-005
16.33 1.15995e-005
16.34 1.22112e-005
16.35 1.27908e-005
16.36 1.33358e-005
16.37 1.38439e-005
16.38 1.43131e-005
16.39 1.47411e-005
16.4 1.51263e-005
16.41 1.5467e-005
16.42 1.57617e-005
16.43 1.60094e-005
16.44 1.62091e-005
16.45 1.63606e-005
16.46 1.64635e-005
16.47 1.6518e-005
16.48 1.65242e-005
16.49 1.64826e-005
16.5 1.63935e-005
16.51 1.62575e-005
16.52 1.60754e-005
16.53 1.58479e-005
16.54 1.55759e-005
16.55 1.52607e-005
16.56 1.49035e-005
16.57 1.45058e-005
16.58 1.40692e-005
16.59 1.35954e-005
16.6 1.30858e-005
16.61 1.25424e-005
16.62 1.19665e-005
16.63 1.13601e-005
16.64 1.07246e-005
16.65 1.00619e-005
16.66 9.37356e-006
16.67 8.66133e-006
16.68 7.92685e-006
16.69 7.17176e-006
16.7 6.39767e-006
16.71 5.60624e-006
16.72 4.79914e-006
16.73 3.97813e-006
16.74 3.14503e-006
16.75 2.30168e-006
16.76 1.44998e-006
16.77 5.91853e-007
16.78 -2.7075e-007
16.79 -1.1358e-006
16.8 -2.00126e-006
16.81 -2.86509e-006
16.82 -3.72528e-006
16.83 -4.57983e-006
16.84 -5.4267e-006
16.85 -6.2639e-006
16.86 -7.08942e-006
16.87 -7.90127e-006
16.88 -8.6975e-006
16.89 -9.47612e-006
16.9 -1.02352e-005
16.91 -1.09728e-005
16.92 -1.16871e-005
16.93 -1.23762e-005
16.94 -1.30384e-005
16.95 -1.36719e-005
16.96 -1.4275e-005
16.97 -1.48458e-005
16.98 -1.53828e-005
16.99 -1.58841e-005
17 -1.63483e-005
17.01 -1.67739e-005
17.02 -1.71594e-005
17.03 -1.75034e-005
17.04 -1.78049e-005
17.05 -1.80627e-005
17.06 -1.82758e-005
17.07 -1.84434e-005
17.08 -1.85649e-005
17.09 -1.86399e-005
17.1 -1.86681e-005
17.11 -1.86493e-005
17.12 -1.85836e-005
17.13 -1.84709e-005
17.14 -1.83113e-005
17.15 -1.8105e-005
17.16 -1.78521e-005
17.17 -1.75528e-005
17.18 -1.72073e-005
17.19 -1.68159e-005
17.2 -1.63789e-005
17.21 -1.58966e-005
17.22 -1.53695e-005
17.23 -1.47982e-005
17.24 -1.41835e-005
17.25 -1.35263e-005
17.26 -1.28279e-005
17.27 -1.20899e-005
17.28 -1.13141e-005
17.29 -1.05028e-005
17.3 -9.65856e-006
17.31 -8.78417e-006
17.32 -7.88268e-006
17.33 -6.95729e-006
17.34 -6.01127e-006
17.35 -5.048e-006
17.36 -4.07097e-006
17.37 -3.08381e-006
17.38 -2.09031e-006
17.39 -1.09436e-006
17.4 -9.9904e-008
17.41 8.89174e-007
17.42 1.86908e-006
17.43 2.83609e-006
17.44 3.78657e-006
17.45 4.71701e-006
17.46 5.62405e-006
17.47 6.50443e-006
17.48 7.35505e-006
17.49 8.17294e-006
17.5 8.95534e-006
17.51 9.69964e-006
17.52 1.04034e-005
17.53 1.10644e-005
17.54 1.16805e-005
17.55 1.225e-005
17.56 1.27713e-005
17.57 1.3243e-005
17.58 1.36642e-005
17.59 1.40341e-005
17.6 1.43521e-005
17.61 1.4618e-005
17.62 1.48315e-005
17.63 1.49927e-005
17.64 1.51019e-005
17.65 1.51594e-005
17.66 1.51658e-005
17.67 1.51218e-005
17.68 1.5028e-005
17.69 1.48854e-005
17.7 1.46947e-005
17.71 1.44571e-005
17.72 1.41734e-005
17.73 1.3845e-005
17.74 1.34731e-005
17.75 1.30592e-005
17.76 1.26048e-005
17.77 1.21115e-005
17.78 1.15813e-005
17.79 1.10158e-005
17.8 1.04172e-005
17.81 9.78726e-006
17.82 9.12818e-006
17.83 8.44205e-006
17.84 7.73099e-006
17.85 6.99713e-006
17.86 6.2426e-006
17.87 5.46951e-006
17.88 4.67998e-006
17.89 3.87612e-006
17.9 3.06e-006
17.91 2.23355e-006
17.92 1.39869e-006
17.93 5.57211e-007
17.94 -2.89082e-007
17.95 -1.13842e-006
17.96 -1.98898e-006
17.97 -2.83883e-006
17.98 -3.68602e-006
17.99 -4.52858e-006
18 -5.36447e-006
18.01 -6.19168e-006
18.02 -7.00815e-006
18.03 -7.81183e-006
18.04 -8.60053e-006
18.05 -9.37214e-006
18.06 -1.01245e-005
18.07 -1.08555e-005
18.08 -1.15629e-005
18.09 -1.22446e-005
18.1 -1.28986e-005
18.11 -1.3523e-005
18.12 -1.4116e-005
18.13 -1.46759e-005
18.14 -1.52007e-005
18.15 -1.56891e-005
18.16 -1.61393e-005
18.17 -1.65501e-005
18.18 -1.69203e-005
18.19 -1.7249e-005
18.2 -1.75352e-005
18.21 -1.77784e-005
18.22 -1.79779e-005
18.23 -1.81332e-005
18.24 -1.82441e-005
18.25 -1.83105e-005
18.26 -1.83324e-005
18.27 -1.831e-005
18.28 -1.82436e-005
18.29 -1.81336e-005
18.3 -1.79804e-005
18.31 -1.77846e-005
18.32 -1.7547e-005
18.33 -1.72685e-005
18.34 -1.695e-005
18.35 -1.65926e-005
18.36 -1.61974e-005
18.37 -1.57655e-005
18.38 -1.52981e-005
18.39 -1.47963e-005
18.4 -1.42614e-005
18.41 -1.36944e-005
18.42 -1.30965e-005
18.43 -1.2469e-005
18.44 -1.1813e-005
18.45 -1.11298e-005
18.46 -1.04209e-005
18.47 -9.68781e-006
18.48 -8.93192e-006
18.49 -8.15483e-006
18.5 -7.35811e-006
18.51 -6.54346e-006
18.52 -5.71265e-006
18.53 -4.86748e-006
18.54 -4.00977e-006
18.55 -3.14136e-006
18.56 -2.26416e-006
18.57 -1.3801e-006
18.58 -4.91192e-007
18.59 4.00447e-007
18.6 1.29261e-006
18.61 2.18306e-006
18.62 3.06953e-006
18.63 3.94968e-006
18.64 4.82109e-006
18.65 5.68137e-006
18.66 6.52817e-006
18.67 7.35919e-006
18.68 8.17212e-006
18.69 8.96472e-006
18.7 9.73481e-006
18.71 1.04803e-005
18.72 1.11991e-005
18.73 1.18894e-005
18.74 1.25492e-005
18.75 1.31767e-005
18.76 1.37703e-005
18.77 1.43282e-005
18.78 1.48488e-005
18.79 1.53306e-005
18.8 1.57721e-005
18.81 1.61718e-005
18.82 1.65282e-005
18.83 1.68401e-005
18.84 1.71063e-005
18.85 1.73257e-005
18.86 1.74972e-005
18.87 1.76197e-005
18.88 1.76925e-005
18.89 1.77147e-005
18.9 1.76858e-005
18.91 1.76055e-005
18.92 1.74735e-005
18.93 1.729e-005
18.94 1.7055e-005
18.95 1.67691e-005
18.96 1.64326e-005
18.97 1.60462e-005
18.98 1.56109e-005
18.99 1.51275e-005
19 1.45972e-005
19.01 1.40215e-005
19.02 1.34017e-005
19.03 1.27397e-005
19.04 1.2037e-005
19.05 1.12956e-005
19.06 1.05177e-005
19.07 9.70549e-006
19.08 8.86124e-006
19.09 7.98733e-006
19.1 7.08616e-006
19.11 6.16014e-006
19.12 5.21175e-006
19.13 4.24359e-006
19.14 3.25832e-006
19.15 2.25877e-006
19.16 1.24786e-006
19.17 2.28587e-007
19.18 -7.96105e-007
19.19 -1.82322e-006
19.2 -2.84973e-006
19.21 -3.87269e-006
19.22 -4.88925e-006
19.23 -5.89661e-006
19.24 -6.89191e-006
19.25 -7.87229e-006
19.26 -8.83496e-006
19.27 -9.77717e-006
19.28 -1.06962e-005
19.29 -1.15892e-005
19.3 -1.24535e-005
19.31 -1.32865e-005
19.32 -1.40854e-005
19.33 -1.48476e-005
19.34 -1.55704e-005
19.35 -1.62512e-005
19.36 -1.68873e-005
19.37 -1.74761e-005
19.38 -1.80152e-005
19.39 -1.85024e-005
19.4 -1.89359e-005
19.41 -1.9314e-005
19.42 -1.96352e-005
19.43 -1.98982e-005
19.44 -2.01015e-005
19.45 -2.02439e-005
19.46 -2.03245e-005
19.47 -2.03424e-005
19.48 -2.02969e-005
19.49 -2.01875e-005
19.5 -2.00142e-005
19.51 -1.9777e-005
19.52 -1.94763e-005
19.53 -1.91125e-005
19.54 -1.86867e-005
19.55 -1.81998e-005
19.56 -1.76532e-005
19.57 -1.70486e-005
19.58 -1.63877e-005
19.59 -1.56726e-005
19.6 -1.49055e-005
19.61 -1.40888e-005
19.62 -1.32247e-005
19.63 -1.2316e-005
19.64 -1.13653e-005
19.65 -1.03752e-005
19.66 -9.34847e-006
19.67 -8.28779e-006
19.68 -7.19594e-006
19.69 -6.07579e-006
19.7 -4.93024e-006
19.71 -3.76223e-006
19.72 -2.57472e-006
19.73 -1.37074e-006
19.74 -1.53367e-007
19.75 1.07427e-006
19.76 2.309e-006
19.77 3.54766e-006
19.78 4.78711e-006
19.79 6.02423e-006
19.8 7.25591e-006
19.81 8.47901e-006
19.82 9.69038e-006
19.83 1.08869e-005
19.84 1.20654e-005
19.85 1.32228e-005
19.86 1.43561e-005
19.87 1.54625e-005
19.88 1.65391e-005
19.89 1.75832e-005
19.9 1.85919e-005
19.91 1.95624e-005
19.92 2.04921e-005
19.93 2.13783e-005
19.94 2.22183e-005
19.95 2.30097e-005
19.96 2.37501e-005
19.97 2.44371e-005
19.98 2.50688e-005
19.99 2.56429e-005
20 2.61577e-005
20.01 2.66115e-005
20.02 2.70027e-005
20.03 2.73302e-005
20.04 2.7593e-005
20.05 2.77902e-005
20.06 2.79216e-005
20.07 2.79867e-005
20.08 2.79858e-005
20.09 2.79188e-005
20.1 2.77862e-005
20.11 2.75884e-005
20.12 2.73258e-005
20.13 2.69992e-005
20.14 2.66092e-005
20.15 2.61567e-005
20.16 2.56426e-005
20.17 2.5068e-005
20.18 2.4434e-005
20.19 2.37419e-005
20.2 2.29933e-005
20.21 2.21896e-005
20.22 2.13325e-005
20.23 2.04238e-005
20.24 1.94654e-005
20.25 1.84592e-005
20.26 1.74075e-005
20.27 1.63127e-005
20.28 1.51772e-005
20.29 1.40036e-005
20.3 1.27946e-005
20.31 1.15528e-005
20.32 1.02809e-005
20.33 8.98177e-006
20.34 7.65835e-006
20.35 6.3138e-006
20.36 4.95139e-006
20.37 3.57446e-006
20.38 2.18644e-006
20.39 7.90765e-007
20.4 -6.09181e-007
20.41 -2.01007e-006
20.42 -3.40852e-006
20.43 -4.80116e-006
20.44 -6.18458e-006
20.45 -7.55534e-006
20.46 -8.90997e-006
20.47 -1.0245e-005
20.48 -1.1557e-005
20.49 -1.28425e-005
20.5 -1.4098e-005
20.51 -1.532e-005
20.52 -1.65053e-005
20.53 -1.76504e-005
20.54 -1.8752e-005
20.55 -1.98068e-005
20.56 -2.08119e-005
20.57 -2.17643e-005
20.58 -2.26614e-005
20.59 -2.35006e-005
20.6 -2.42798e-005
20.61 -2.49969e-005
20.62 -2.56503e-005
20.63 -2.62383e-005
20.64 -2.67595e-005
20.65 -2.72128e-005
20.66 -2.75969e-005
20.67 -2.79112e-005
20.68 -2.81548e-005
20.69 -2.83274e-005
20.7 -2.84288e-005
20.71 -2.8459e-005
20.72 -2.8418e-005
20.73 -2.8306e-005
20.74 -2.81232e-005
20.75 -2.78701e-005
20.76 -2.7547e-005
20.77 -2.71545e-005
20.78 -2.66934e-005
20.79 -2.61646e-005
20.8 -2.5569e-005
20.81 -2.49078e-005
20.82 -2.41824e-005
20.83 -2.33945e-005
20.84 -2.2546e-005
20.85 -2.16391e-005
20.86 -2.06762e-005
20.87 -1.96601e-005
20.88 -1.85934e-005
20.89 -1.74792e-005
20.9 -1.63207e-005
20.91 -1.51212e-005
20.92 -1.38841e-005
20.93 -1.26128e-005
20.94 -1.13109e-005
20.95 -9.98221e-006
20.96 -8.63034e-006
20.97 -7.25913e-006
20.98 -5.87247e-006
20.99 -4.47432e-006
21 -3.0686e-006
21.01 -1.65928e-006
21.02 -2.50265e-007
21.03 1.15456e-006
21.04 2.55137e-006
21.05 3.93637e-006
21.06 5.30582e-006
21.07 6.65609e-006
21.08 7.98362e-006
21.09 9.28482e-006
21.1 1.05562e-005
21.11 1.17942e-005
21.12 1.29954e-005
21.13 1.41567e-005
21.14 1.52747e-005
21.15 1.63463e-005
21.16 1.73683e-005
21.17 1.83377e-005
21.18 1.92516e-005
21.19 2.01073e-005
21.2 2.0902e-005
21.21 2.16335e-005
21.22 2.22994e-005
21.23 2.28977e-005
21.24 2.34264e-005
21.25 2.38838e-005
21.26 2.42684e-005
21.27 2.45789e-005
21.28 2.48143e-005
21.29 2.49737e-005
21.3 2.50564e-005
21.31 2.50621e-005
21.32 2.49904e-005
21.33 2.48415e-005
21.34 2.46157e-005
21.35 2.43135e-005
21.36 2.39358e-005
21.37 2.34836e-005
21.38 2.29582e-005
21.39 2.23609e-005
21.4 2.16932e-005
21.41 2.0957e-005
21.42 2.0154e-005
21.43 1.92863e-005
21.44 1.83565e-005
21.45 1.7367e-005
21.46 1.63207e-005
21.47 1.52204e-005
21.48 1.40692e-005
21.49 1.28702e-005
21.5 1.16269e-005
21.51 1.03425e-005
21.52 9.02071e-006
21.53 7.66514e-006
21.54 6.27956e-006
21.55 4.86786e-006
21.56 3.43402e-006
21.57 1.98209e-006
21.58 5.16154e-007
21.59 -9.59668e-007
21.6 -2.44122e-006
21.61 -3.92435e-006
21.62 -5.40484e-006
21.63 -6.87853e-006
21.64 -8.34131e-006
21.65 -9.78919e-006
21.66 -1.12182e-005
21.67 -1.26245e-005
21.68 -1.40043e-005
21.69 -1.53537e-005
21.7 -1.66692e-005
21.71 -1.79471e-005
21.72 -1.9184e-005
21.73 -2.03764e-005
21.74 -2.1521e-005
21.75 -2.26144e-005
21.76 -2.36532e-005
21.77 -2.46341e-005
21.78 -2.55539e-005
21.79 -2.64094e-005
21.8 -2.7198e-005
21.81 -2.79169e-005
21.82 -2.85638e-005
21.83 -2.91365e-005
21.84 -2.96329e-005
21.85 -3.00513e-005
21.86 -3.039e-005
21.87 -3.06476e-005
21.88 -3.0823e-005
21.89 -3.0915e-005
21.9 -3.09231e-005
21.91 -3.08468e-005
21.92 -3.06857e-005
21.93 -3.04398e-005
21.94 -3.01092e-005
21.95 -2.96941e-005
21.96 -2.9195e-005
21.97 -2.86123e-005
21.98 -2.79471e-005
21.99 -2.72e-005
22 -2.63725e-005
22.01 -2.54658e-005
22.02 -2.44818e-005
22.03 -2.34223e-005
22.04 -2.22895e-005
22.05 -2.10856e-005
22.06 -1.9813e-005
22.07 -1.84745e-005
22.08 -1.70732e-005
22.09 -1.56124e-005
22.1 -1.40958e-005
22.11 -1.25274e-005
22.12 -1.09112e-005
22.13 -9.25144e-006
22.14 -7.55253e-006
22.15 -5.81902e-006
22.16 -4.05566e-006
22.17 -2.26735e-006
22.18 -4.59131e-007
22.19 1.36385e-006
22.2 3.19639e-006
22.21 5.03321e-006
22.22 6.86892e-006
22.23 8.69803e-006
22.24 1.0515e-005
22.25 1.23142e-005
22.26 1.40903e-005
22.27 1.58377e-005
22.28 1.75512e-005
22.29 1.92254e-005
22.3 2.08554e-005
22.31 2.2436e-005
22.32 2.39624e-005
22.33 2.54299e-005
22.34 2.6834e-005
22.35 2.81706e-005
22.36 2.94355e-005
22.37 3.06248e-005
22.38 3.17348e-005
22.39 3.27618e-005
22.4 3.37026e-005
22.41 3.45542e-005
22.42 3.53141e-005
22.43 3.59796e-005
22.44 3.65488e-005
22.45 3.70197e-005
22.46 3.73906e-005
22.47 3.76603e-005
22.48 3.78275e-005
22.49 3.78917e-005
22.5 3.78524e-005
22.51 3.77093e-005
22.52 3.74628e-005
22.53 3.71132e-005
22.54 3.66614e-005
22.55 3.61084e-005
22.56 3.54556e-005
22.57 3.47046e-005
22.58 3.38571e-005
22.59 3.29154e-005
22.6 3.18817e-005
22.61 3.07587e-005
22.62 2.9549e-005
22.63 2.82556e-005
22.64 2.68818e-005
22.65 2.54309e-005
22.66 2.39065e-005
22.67 2.23125e-005
22.68 2.06528e-005
22.69 1.89318e-005
22.7 1.71543e-005
22.71 1.53251e-005
22.72 1.34497e-005
22.73 1.15335e-005
22.74 9.58218e-006
22.75 7.6017e-006
22.76 5.59803e-006
22.77 3.57728e-006
22.78 1.54558e-006
22.79 -4.90947e-007
22.8 -2.52624e-006
22.81 -4.55422e-006
22.82 -6.56887e-006
22.83 -8.5642e-006
22.84 -1.05343e-005
22.85 -1.24733e-005
22.86 -1.43757e-005
22.87 -1.62358e-005
22.88 -1.80483e-005
22.89 -1.98079e-005
22.9 -2.15095e-005
22.91 -2.31482e-005
22.92 -2.47193e-005
22.93 -2.62182e-005
22.94 -2.76407e-005
22.95 -2.89828e-005
22.96 -3.02409e-005
22.97 -3.14115e-005
22.98 -3.24915e-005
22.99 -3.34781e-005
23 -3.43687e-005
23.01 -3.5161e-005
23.02 -3.5853e-005
23.03 -3.64431e-005
23.04 -3.69298e-005
23.05 -3.7312e-005
23.06 -3.75889e-005
23.07 -3.776e-005
23.08 -3.7825e-005
23.09 -3.77843e-005
23.1 -3.76382e-005
23.11 -3.73876e-005
23.12 -3.70336e-005
23.13 -3.65775e-005
23.14 -3.60208e-005
23.15 -3.53654e-005
23.16 -3.46134e-005
23.17 -3.37673e-005
23.18 -3.28298e-005
23.19 -3.18041e-005
23.2 -3.06935e-005
23.21 -2.95017e-005
23.22 -2.82324e-005
23.23 -2.68896e-005
23.24 -2.54775e-005
23.25 -2.40003e-005
23.26 -2.24624e-005
23.27 -2.08685e-005
23.28 -1.92231e-005
23.29 -1.75311e-005
23.3 -1.57976e-005
23.31 -1.40275e-005
23.32 -1.22262e-005
23.33 -1.03989e-005
23.34 -8.55099e-006
23.35 -6.68765e-006
23.36 -4.81408e-006
23.37 -2.93544e-006
23.38 -1.05686e-006
23.39 8.16539e-007
23.4 2.67968e-006
23.41 4.52753e-006
23.42 6.35522e-006
23.43 8.15798e-006
23.44 9.93118e-006
23.45 1.16703e-005
23.46 1.33709e-005
23.47 1.50286e-005
23.48 1.66392e-005
23.49 1.81987e-005
23.5 1.97033e-005
23.51 2.11492e-005
23.52 2.25332e-005
23.53 2.38521e-005
23.54 2.51028e-005
23.55 2.62827e-005
23.56 2.73892e-005
23.57 2.842e-005
23.58 2.93729e-005
23.59 3.0246e-005
23.6 3.10375e-005
23.61 3.1746e-005
23.62 3.23702e-005
23.63 3.29088e-005
23.64 3.33609e-005
23.65 3.37259e-005
23.66 3.40032e-005
23.67 3.41925e-005
23.68 3.42937e-005
23.69 3.43072e-005
23.7 3.42332e-005
23.71 3.40724e-005
23.72 3.38258e-005
23.73 3.34942e-005
23.74 3.30789e-005
23.75 3.2581e-005
23.76 3.20023e-005
23.77 3.13443e-005
23.78 3.06091e-005
23.79 2.97986e-005
23.8 2.8915e-005
23.81 2.79607e-005
23.82 2.69381e-005
23.83 2.58495e-005
23.84 2.46976e-005
23.85 2.34851e-005
23.86 2.22147e-005
23.87 2.08895e-005
23.88 1.95127e-005
23.89 1.80877e-005
23.9 1.66181e-005
23.91 1.51078e-005
23.92 1.35608e-005
23.93 1.19813e-005
23.94 1.03737e-005
23.95 8.74234e-006
23.96 7.09187e-006
23.97 5.42674e-006
23.98 3.75154e-006
23.99 2.07091e-006
24 3.89515e-007
24.01 -1.28792e-006
24.02 -2.9566e-006
24.03 -4.61172e-006
24.04 -6.24848e-006
24.05 -7.86214e-006
24.06 -9.44806e-006
24.07 -1.10018e-005
24.08 -1.2519e-005
24.09 -1.39956e-005
24.1 -1.54274e-005
24.11 -1.68106e-005
24.12 -1.81414e-005
24.13 -1.94163e-005
24.14 -2.06318e-005
24.15 -2.17847e-005
24.16 -2.28722e-005
24.17 -2.38914e-005
24.18 -2.484e-005
24.19 -2.57155e-005
24.2 -2.6516e-005
24.21 -2.72396e-005
24.22 -2.78847e-005
24.23 -2.845e-005
24.24 -2.89344e-005
24.25 -2.93368e-005
24.26 -2.96567e-005
24.27 -2.98933e-005
24.28 -3.00465e-005
24.29 -3.0116e-005
24.3 -3.01019e-005
24.31 -3.00044e-005
24.32 -2.98238e-005
24.33 -2.95607e-005
24.34 -2.92157e-005
24.35 -2.87898e-005
24.36 -2.82841e-005
24.37 -2.77003e-005
24.38 -2.70401e-005
24.39 -2.63055e-005
24.4 -2.54987e-005
24.41 -2.46223e-005
24.42 -2.3679e-005
24.43 -2.26716e-005
24.44 -2.16033e-005
24.45 -2.04774e-005
24.46 -1.92972e-005
24.47 -1.80664e-005
24.48 -1.67887e-005
24.49 -1.54679e-005
24.5 -1.4108e-005
24.51 -1.27132e-005
24.52 -1.12877e-005
24.53 -9.83591e-006
24.54 -8.36218e-006
24.55 -6.87092e-006
24.56 -5.36661e-006
24.57 -3.85375e-006
24.58 -2.3369e-006
24.59 -8.20612e-007
24.6 6.90559e-007
24.61 2.19213e-006
24.62 3.6797e-006
24.63 5.14893e-006
24.64 6.59554e-006
24.65 8.01537e-006
24.66 9.40433e-006
24.67 1.07584e-005
24.68 1.20737e-005
24.69 1.33466e-005
24.7 1.45733e-005
24.71 1.57506e-005
24.72 1.68751e-005
24.73 1.79437e-005
24.74 1.89534e-005
24.75 1.99015e-005
24.76 2.07852e-005
24.77 2.16022e-005
24.78 2.23504e-005
24.79 2.3028e-005
24.8 2.36332e-005
24.81 2.41647e-005
24.82 2.46212e-005
24.83 2.50018e-005
24.84 2.53056e-005
24.85 2.5532e-005
24.86 2.56805e-005
24.87 2.57507e-005
24.88 2.57426e-005
24.89 2.56561e-005
24.9 2.54914e-005
24.91 2.52492e-005
24.92 2.49302e-005
24.93 2.45354e-005
24.94 2.4066e-005
24.95 2.35233e-005
24.96 2.2909e-005
24.97 2.22246e-005
24.98 2.14722e-005
24.99 2.06539e-005
25 1.9772e-005
25.01 1.88288e-005
25.02 1.7827e-005
25.03 1.67694e-005
25.04 1.5659e-005
25.05 1.44991e-005
25.06 1.32929e-005
25.07 1.20439e-005
25.08 1.07557e-005
25.09 9.43156e-006
25.1 8.07506e-006
25.11 6.68973e-006
25.12 5.27923e-006
25.13 3.84734e-006
25.14 2.3979e-006
25.15 9.34811e-007
25.16 -5.37967e-007
25.17 -2.01644e-006
25.18 -3.49651e-006
25.19 -4.974e-006
25.2 -6.44465e-006
25.21 -7.90416e-006
25.22 -9.34826e-006
25.23 -1.07727e-005
25.24 -1.21732e-005
25.25 -1.35457e-005
25.26 -1.4886e-005
25.27 -1.61903e-005
25.28 -1.74546e-005
25.29 -1.86751e-005
25.3 -1.98482e-005
25.31 -2.09702e-005
25.32 -2.20378e-005
25.33 -2.30474e-005
25.34 -2.39958e-005
25.35 -2.48799e-005
25.36 -2.56968e-005
25.37 -2.64438e-005
25.38 -2.71185e-005
25.39 -2.77187e-005
25.4 -2.82424e-005
25.41 -2.86878e-005
25.42 -2.90533e-005
25.43 -2.93377e-005
25.44 -2.95399e-005
25.45 -2.9659e-005
25.46 -2.96945e-005
25.47 -2.9646e-005
25.48 -2.95135e-005
25.49 -2.9297e-005
25.5 -2.8997e-005
25.51 -2.86141e-005
25.52 -2.81493e-005
25.53 -2.76036e-005
25.54 -2.69787e-005
25.55 -2.62761e-005
25.56 -2.5498e-005
25.57 -2.46463e-005
25.58 -2.37234e-005
25.59 -2.2732e-005
25.6 -2.16748e-005
25.61 -2.05548e-005
25.62 -1.93751e-005
25.63 -1.81391e-005
25.64 -1.68504e-005
25.65 -1.55129e-005
25.66 -1.41304e-005
25.67 -1.27073e-005
25.68 -1.12477e-005
25.69 -9.75614e-006
25.7 -8.23702e-006
25.71 -6.69491e-006
25.72 -5.13434e-006
25.73 -3.55988e-006
25.74 -1.97619e-006
25.75 -3.8793e-007
25.76 1.20026e-006
25.77 2.78381e-006
25.78 4.35815e-006
25.79 5.9188e-006
25.8 7.46138e-006
25.81 8.98158e-006
25.82 1.04752e-005
25.83 1.19381e-005
25.84 1.33662e-005
25.85 1.47557e-005
25.86 1.61028e-005
25.87 1.74038e-005
25.88 1.86554e-005
25.89 1.98543e-005
25.9 2.09974e-005
25.91 2.20819e-005
25.92 2.31051e-005
25.93 2.40644e-005
25.94 2.49577e-005
25.95 2.57827e-005
25.96 2.65375e-005
25.97 2.72204e-005
25.98 2.78299e-005
25.99 2.83646e-005
26 2.88233e-005
26.01 2.92051e-005
26.02 2.95091e-005
26.03 2.97349e-005
26.04 2.98821e-005
26.05 2.99507e-005
26.06 2.99409e-005
26.07 2.98531e-005
26.08 2.96876e-005
26.09 2.94451e-005
26.1 2.91262e-005
26.11 2.87319e-005
26.12 2.82632e-005
26.13 2.77216e-005
26.14 2.71085e-005
26.15 2.64255e-005
26.16 2.56744e-005
26.17 2.48569e-005
26.18 2.39748e-005
26.19 2.30303e-005
26.2 2.20255e-005
26.21 2.0963e-005
26.22 1.98455e-005
26.23 1.86759e-005
26.24 1.74575e-005
26.25 1.61935e-005
26.26 1.48873e-005
26.27 1.35424e-005
26.28 1.21628e-005
26.29 1.07521e-005
26.3 9.31434e-006
26.31 7.8538e-006
26.32 6.37473e-006
26.33 4.8815e-006
26.34 3.37866e-006
26.35 1.87091e-006
26.36 3.62999e-007
26.37 -1.14029e-006
26.38 -2.63416e-006
26.39 -4.11389e-006
26.4 -5.57482e-006
26.41 -7.0124e-006
26.42 -8.42213e-006
26.43 -9.79963e-006
26.44 -1.11407e-005
26.45 -1.24412e-005
26.46 -1.36971e-005
26.47 -1.49044e-005
26.48 -1.60595e-005
26.49 -1.71585e-005
26.5 -1.81982e-005
26.51 -1.91753e-005
26.52 -2.00867e-005
26.53 -2.09298e-005
26.54 -2.17019e-005
26.55 -2.24008e-005
26.56 -2.30244e-005
26.57 -2.35707e-005
26.58 -2.40382e-005
26.59 -2.44255e-005
26.6 -2.47314e-005
26.61 -2.49553e-005
26.62 -2.50966e-005
26.63 -2.51552e-005
26.64 -2.5131e-005
26.65 -2.50245e-005
26.66 -2.48364e-005
26.67 -2.45677e-005
26.68 -2.42198e-005
26.69 -2.37943e-005
26.7 -2.32933e-005
26.71 -2.27189e-005
26.72 -2.20735e-005
26.73 -2.13596e-005
26.74 -2.058e-005
26.75 -1.97375e-005
26.76 -1.88351e-005
26.77 -1.78761e-005
26.78 -1.68638e-005
26.79 -1.58017e-005
26.8 -1.46933e-005
26.81 -1.35422e-005
26.82 -1.23523e-005
26.83 -1.11273e-005
26.84 -9.87101e-006
26.85 -8.58746e-006
26.86 -7.28046e-006
26.87 -5.95384e-006
26.88 -4.61143e-006
26.89 -3.25706e-006
26.9 -1.8946e-006
26.91 -5.27908e-007
26.92 8.39157e-007
26.93 2.20278e-006
26.94 3.55917e-006
26.95 4.9046e-006
26.96 6.23542e-006
26.97 7.548e-006
26.98 8.8387e-006
26.99 1.01039e-005
27 1.13402e-005
27.01 1.25442e-005
27.02 1.37125e-005
27.03 1.4842e-005
27.04 1.59295e-005
27.05 1.69724e-005
27.06 1.79678e-005
27.07 1.8913e-005
27.08 1.98055e-005
27.09 2.06429e-005
27.1 2.14226e-005
27.11 2.21425e-005
27.12 2.28004e-005
27.13 2.33943e-005
27.14 2.39226e-005
27.15 2.43838e-005
27.16 2.47765e-005
27.17 2.50997e-005
27.18 2.53524e-005
27.19 2.5534e-005
27.2 2.5644e-005
27.21 2.56821e-005
27.22 2.56484e-005
27.23 2.55431e-005
27.24 2.53668e-005
27.25 2.512e-005
27.26 2.48036e-005
27.27 2.44187e-005
27.28 2.39663e-005
27.29 2.34481e-005
27.3 2.28654e-005
27.31 2.22202e-005
27.32 2.15144e-005
27.33 2.07502e-005
27.34 1.99301e-005
27.35 1.90566e-005
27.36 1.81324e-005
27.37 1.71603e-005
27.38 1.61432e-005
27.39 1.50843e-005
27.4 1.39867e-005
27.41 1.28539e-005
27.42 1.16892e-005
27.43 1.04963e-005
27.44 9.2788e-006
27.45 8.04035e-006
27.46 6.78475e-006
27.47 5.51586e-006
27.48 4.23756e-006
27.49 2.95372e-006
27.5 1.66818e-006
27.51 3.84761e-007
27.52 -8.92756e-007
27.53 -2.16064e-006
27.54 -3.4152e-006
27.55 -4.65275e-006
27.56 -5.86973e-006
27.57 -7.0627e-006
27.58 -8.22834e-006
27.59 -9.36353e-006
27.6 -1.04653e-005
27.61 -1.15309e-005
27.62 -1.25576e-005
27.63 -1.35428e-005
27.64 -1.44841e-005
27.65 -1.5379e-005
27.66 -1.62254e-005
27.67 -1.70212e-005
27.68 -1.77645e-005
27.69 -1.84536e-005
27.7 -1.90869e-005
27.71 -1.96629e-005
27.72 -2.01805e-005
27.73 -2.06386e-005
27.74 -2.10361e-005
27.75 -2.13723e-005
27.76 -2.16468e-005
27.77 -2.18591e-005
27.78 -2.20091e-005
27.79 -2.20969e-005
27.8 -2.21226e-005
27.81 -2.20865e-005
27.82 -2.19891e-005
27.83 -2.1831e-005
27.84 -2.1613e-005
27.85 -2.13361e-005
27.86 -2.10014e-005
27.87 -2.061e-005
27.88 -2.01633e-005
27.89 -1.9663e-005
27.9 -1.91104e-005
27.91 -1.85073e-005
27.92 -1.78553e-005
27.93 -1.71561e-005
27.94 -1.64115e-005
27.95 -1.56232e-005
27.96 -1.47932e-005
27.97 -1.39235e-005
27.98 -1.30161e-005
27.99 -1.20729e-005
28 -1.1096e-005
28.01 -1.00873e-005
28.02 -9.04904e-006
28.03 -7.98325e-006
28.04 -6.89223e-006
28.05 -5.77832e-006
28.06 -4.64397e-006
28.07 -3.49172e-006
28.08 -2.32429e-006
28.09 -1.14446e-006
28.1 4.49251e-008
28.11 1.24092e-006
28.12 2.44052e-006
28.13 3.64082e-006
28.14 4.83883e-006
28.15 6.03146e-006
28.16 7.21553e-006
28.17 8.38781e-006
28.18 9.54496e-006
28.19 1.06836e-005
28.2 1.18003e-005
28.21 1.28916e-005
28.22 1.3954e-005
28.23 1.49841e-005
28.24 1.59783e-005
28.25 1.69334e-005
28.26 1.78462e-005
28.27 1.87134e-005
28.28 1.95322e-005
28.29 2.02995e-005
28.3 2.10127e-005
28.31 2.1669e-005
28.32 2.22659e-005
28.33 2.28013e-005
28.34 2.32729e-005
28.35 2.36789e-005
28.36 2.40176e-005
28.37 2.42873e-005
28.38 2.44868e-005
28.39 2.46149e-005
28.4 2.46706e-005
28.41 2.46532e-005
28.42 2.45624e-005
28.43 2.43981e-005
28.44 2.41603e-005
28.45 2.38494e-005
28.46 2.34661e-005
28.47 2.30115e-005
28.48 2.24867e-005
28.49 2.18935e-005
28.5 2.12335e-005
28.51 2.05088e-005
28.52 1.97217e-005
28.53 1.88745e-005
28.54 1.79701e-005
28.55 1.70112e-005
28.56 1.60008e-005
28.57 1.49422e-005
28.58 1.38387e-005
28.59 1.26936e-005
28.6 1.15104e-005
28.61 1.02927e-005
28.62 9.04408e-006
28.63 7.76814e-006
28.64 6.46856e-006
28.65 5.14899e-006
28.66 3.81308e-006
28.67 2.46454e-006
28.68 1.10709e-006
28.69 -2.556e-007
28.7 -1.61988e-006
28.71 -2.98211e-006
28.72 -4.33862e-006
28.73 -5.68583e-006
28.74 -7.02018e-006
28.75 -8.33814e-006
28.76 -9.63619e-006
28.77 -1.09109e-005
28.78 -1.21588e-005
28.79 -1.33766e-005
28.8 -1.45612e-005
28.81 -1.57093e-005
28.82 -1.6818e-005
28.83 -1.7884e-005
28.84 -1.89047e-005
28.85 -1.9877e-005
28.86 -2.07984e-005
28.87 -2.16661e-005
28.88 -2.24777e-005
28.89 -2.32308e-005
28.9 -2.3923e-005
28.91 -2.45523e-005
28.92 -2.51166e-005
28.93 -2.56142e-005
28.94 -2.60435e-005
28.95 -2.64031e-005
28.96 -2.66921e-005
28.97 -2.69094e-005
28.98 -2.70544e-005
28.99 -2.71268e-005
29 -2.71264e-005
29.01 -2.70531e-005
29.02 -2.69071e-005
29.03 -2.66888e-005
29.04 -2.63987e-005
29.05 -2.60376e-005
29.06 -2.56063e-005
29.07 -2.5106e-005
29.08 -2.45384e-005
29.09 -2.39051e-005
29.1 -2.3208e-005
29.11 -2.24493e-005
29.12 -2.16312e-005
29.13 -2.07561e-005
29.14 -1.98266e-005
29.15 -1.88454e-005
29.16 -1.78154e-005
29.17 -1.67397e-005
29.18 -1.56215e-005
29.19 -1.4464e-005
29.2 -1.32705e-005
29.21 -1.20443e-005
29.22 -1.07888e-005
29.23 -9.50764e-006
29.24 -8.20424e-006
29.25 -6.88227e-006
29.26 -5.54542e-006
29.27 -4.19735e-006
29.28 -2.84177e-006
29.29 -1.48236e-006
29.3 -1.22841e-007
29.31 1.23312e-006
29.32 2.58192e-006
29.33 3.92003e-006
29.34 5.24402e-006
29.35 6.55056e-006
29.36 7.83638e-006
29.37 9.09822e-006
29.38 1.03328e-005
29.39 1.15371e-005
29.4 1.27081e-005
29.41 1.38428e-005
29.42 1.49387e-005
29.43 1.59932e-005
29.44 1.7004e-005
29.45 1.79687e-005
29.46 1.88852e-005
29.47 1.97512e-005
29.48 2.05647e-005
29.49 2.13238e-005
29.5 2.20268e-005
29.51 2.2672e-005
29.52 2.32578e-005
29.53 2.3783e-005
29.54 2.42463e-005
29.55 2.46467e-005
29.56 2.49835e-005
29.57 2.5256e-005
29.58 2.54634e-005
29.59 2.56054e-005
29.6 2.56815e-005
29.61 2.56913e-005
29.62 2.56348e-005
29.63 2.55117e-005
29.64 2.5322e-005
29.65 2.50657e-005
29.66 2.47429e-005
29.67 2.43536e-005
29.68 2.38983e-005
29.69 2.33775e-005
29.7 2.27921e-005
29.71 2.21431e-005
29.72 2.14317e-005
29.73 2.06592e-005
29.74 1.98274e-005
29.75 1.89378e-005
29.76 1.79923e-005
29.77 1.6993e-005
29.78 1.59422e-005
29.79 1.48421e-005
29.8 1.36955e-005
29.81 1.25049e-005
29.82 1.12732e-005
29.83 1.00033e-005
29.84 8.69844e-006
29.85 7.3619e-006
29.86 5.99722e-006
29.87 4.60811e-006
29.88 3.19841e-006
29.89 1.77206e-006
29.9 3.33151e-007
29.91 -1.11416e-006
29.92 -2.56563e-006
29.93 -4.0169e-006
29.94 -5.4635e-006
29.95 -6.90094e-006
29.96 -8.32464e-006
29.97 -9.73e-006
29.98 -1.11124e-005
29.99 -1.24672e-005
30 -1.37898e-005
30.01 -1.50758e-005
30.02 -1.63207e-005
30.03 -1.75202e-005
30.04 -1.86702e-005
30.05 -1.97665e-005
30.06 -2.08053e-005
30.07 -2.17828e-005
30.08 -2.26957e-005
30.09 -2.35406e-005
30.1 -2.43147e-005
30.11 -2.50152e-005
30.12 -2.56395e-005
30.13 -2.61852e-005
30.14 -2.66502e-005
30.15 -2.70329e-005
30.16 -2.73319e-005
30.17 -2.7546e-005
30.18 -2.76747e-005
30.19 -2.77174e-005
30.2 -2.76743e-005
30.21 -2.75455e-005
30.22 -2.73317e-005
30.23 -2.70339e-005
30.24 -2.66535e-005
30.25 -2.61921e-005
30.26 -2.56517e-005
30.27 -2.50347e-005
30.28 -2.43436e-005
30.29 -2.35809e-005
30.3 -2.27495e-005
30.31 -2.18525e-005
30.32 -2.08929e-005
30.33 -1.98741e-005
30.34 -1.87992e-005
30.35 -1.76718e-005
30.36 -1.64952e-005
30.37 -1.52731e-005
30.38 -1.40091e-005
30.39 -1.27071e-005
30.4 -1.1371e-005
30.41 -1.00045e-005
30.42 -8.61178e-006
30.43 -7.19662e-006
30.44 -5.76298e-006
30.45 -4.3148e-006
30.46 -2.85612e-006
30.47 -1.39103e-006
30.48 7.63922e-008
30.49 1.54203e-006
30.5 3.00178e-006
30.51 4.45152e-006
30.52 5.8872e-006
30.53 7.30475e-006
30.54 8.70013e-006
30.55 1.00693e-005
30.56 1.14084e-005
30.57 1.27137e-005
30.58 1.39814e-005
30.59 1.5208e-005
30.6 1.63902e-005
30.61 1.75246e-005
30.62 1.86082e-005
30.63 1.9638e-005
30.64 2.0611e-005
30.65 2.15246e-005
30.66 2.23761e-005
30.67 2.3163e-005
30.68 2.3883e-005
30.69 2.45339e-005
30.7 2.51139e-005
30.71 2.56213e-005
30.72 2.60546e-005
30.73 2.64127e-005
30.74 2.66947e-005
30.75 2.68998e-005
30.76 2.70275e-005
30.77 2.70775e-005
30.78 2.70498e-005
30.79 2.69443e-005
30.8 2.67616e-005
30.81 2.65022e-005
30.82 2.61669e-005
30.83 2.5757e-005
30.84 2.52737e-005
30.85 2.47186e-005
30.86 2.40933e-005
30.87 2.33998e-005
30.88 2.26403e-005
30.89 2.18173e-005
30.9 2.09335e-005
30.91 1.99919e-005
30.92 1.89958e-005
30.93 1.79484e-005
30.94 1.68535e-005
30.95 1.57146e-005
30.96 1.45356e-005
30.97 1.33202e-005
30.98 1.20723e-005
30.99 1.07959e-005
31 9.49483e-006
31.01 8.17322e-006
31.02 6.83509e-006
31.03 5.48451e-006
31.04 4.12558e-006
31.05 2.76245e-006
31.06 1.39924e-006
31.07 4.00202e-008
31.08 -1.31123e-006
31.09 -2.6506e-006
31.1 -3.97426e-006
31.11 -5.27843e-006
31.12 -6.55932e-006
31.13 -7.81321e-006
31.14 -9.03642e-006
31.15 -1.02254e-005
31.16 -1.13768e-005
31.17 -1.24874e-005
31.18 -1.3554e-005
31.19 -1.45737e-005
31.2 -1.55438e-005
31.21 -1.64617e-005
31.22 -1.73249e-005
31.23 -1.81314e-005
31.24 -1.88791e-005
31.25 -1.95661e-005
31.26 -2.0191e-005
31.27 -2.07522e-005
31.28 -2.12487e-005
31.29 -2.16794e-005
31.3 -2.20435e-005
31.31 -2.23405e-005
31.32 -2.25699e-005
31.33 -2.27314e-005
31.34 -2.2825e-005
31.35 -2.28506e-005
31.36 -2.28085e-005
31.37 -2.2699e-005
31.38 -2.25229e-005
31.39 -2.22809e-005
31.4 -2.19741e-005
31.41 -2.16037e-005
31.42 -2.11711e-005
31.43 -2.06777e-005
31.44 -2.01253e-005
31.45 -1.95157e-005
31.46 -1.88506e-005
31.47 -1.81323e-005
31.48 -1.73629e-005
31.49 -1.65448e-005
31.5 -1.56807e-005
31.51 -1.47734e-005
31.52 -1.38259e-005
31.53 -1.28411e-005
31.54 -1.18223e-005
31.55 -1.07727e-005
31.56 -9.6956e-006
31.57 -8.59433e-006
31.58 -7.47239e-006
31.59 -6.33334e-006
31.6 -5.18082e-006
31.61 -4.01846e-006
31.62 -2.84989e-006
31.63 -1.67873e-006
31.64 -5.08533e-007
31.65 6.57209e-007
31.66 1.81502e-006
31.67 2.96145e-006
31.68 4.09307e-006
31.69 5.20648e-006
31.7 6.2984e-006
31.71 7.36568e-006
31.72 8.40533e-006
31.73 9.41453e-006
31.74 1.03906e-005
31.75 1.13311e-005
31.76 1.22334e-005
31.77 1.30952e-005
31.78 1.39143e-005
31.79 1.46886e-005
31.8 1.54158e-005
31.81 1.6094e-005
31.82 1.67213e-005
31.83 1.72958e-005
31.84 1.78161e-005
31.85 1.82806e-005
31.86 1.86883e-005
31.87 1.9038e-005
31.88 1.93289e-005
31.89 1.95603e-005
31.9 1.97318e-005
31.91 1.98432e-005
31.92 1.98943e-005
31.93 1.98854e-005
31.94 1.98169e-005
31.95 1.96893e-005
31.96 1.95033e-005
31.97 1.92598e-005
31.98 1.896e-005
31.99 1.8605e-005
32 1.81965e-005
32.01 1.77359e-005
32.02 1.72251e-005
32.03 1.6666e-005
32.04 1.60606e-005
32.05 1.54112e-005
32.06 1.472e-005
32.07 1.39894e-005
32.08 1.32219e-005
32.09 1.242e-005
32.1 1.15861e-005
32.11 1.0723e-005
32.12 9.83351e-006
32.13 8.92042e-006
32.14 7.98673e-006
32.15 7.0355e-006
32.16 6.06979e-006
32.17 5.09269e-006
32.18 4.10727e-006
32.19 3.11659e-006
32.2 2.12373e-006
32.21 1.13173e-006
32.22 1.43573e-007
32.23 -8.37871e-007
32.24 -1.80977e-006
32.25 -2.76932e-006
32.26 -3.71379e-006
32.27 -4.64058e-006
32.28 -5.54723e-006
32.29 -6.43148e-006
32.3 -7.29121e-006
32.31 -8.12442e-006
32.32 -8.92925e-006
32.33 -9.70388e-006
32.34 -1.04466e-005
32.35 -1.11557e-005
32.36 -1.18297e-005
32.37 -1.24674e-005
32.38 -1.30677e-005
32.39 -1.36295e-005
32.4 -1.41522e-005
32.41 -1.46348e-005
32.42 -1.50769e-005
32.43 -1.54779e-005
32.44 -1.58372e-005
32.45 -1.61547e-005
32.46 -1.64299e-005
32.47 -1.66627e-005
32.48 -1.68527e-005
32.49 -1.7e-005
32.5 -1.71044e-005
32.51 -1.71661e-005
32.52 -1.71849e-005
32.53 -1.71612e-005
32.54 -1.70952e-005
32.55 -1.69874e-005
32.56 -1.68382e-005
32.57 -1.66482e-005
32.58 -1.64182e-005
32.59 -1.61487e-005
32.6 -1.58406e-005
32.61 -1.54948e-005
32.62 -1.51126e-005
32.63 -1.46953e-005
32.64 -1.42442e-005
32.65 -1.37608e-005
32.66 -1.32469e-005
32.67 -1.27039e-005
32.68 -1.21338e-005
32.69 -1.15383e-005
32.7 -1.09193e-005
32.71 -1.02789e-005
32.72 -9.61906e-006
32.73 -8.94182e-006
32.74 -8.24927e-006
32.75 -7.54354e-006
32.76 -6.82676e-006
32.77 -6.10102e-006
32.78 -5.36854e-006
32.79 -4.63155e-006
32.8 -3.89227e-006
32.81 -3.15294e-006
32.82 -2.41577e-006
32.83 -1.68303e-006
32.84 -9.56919e-007
32.85 -2.39615e-007
32.86 4.66727e-007
32.87 1.16003e-006
32.88 1.83829e-006
32.89 2.49962e-006
32.9 3.14221e-006
32.91 3.76434e-006
32.92 4.36432e-006
32.93 4.94052e-006
32.94 5.49139e-006
32.95 6.01549e-006
32.96 6.51148e-006
32.97 6.97814e-006
32.98 7.41445e-006
32.99 7.81952e-006
33 8.19259e-006
33.01 8.53301e-006
33.02 8.84026e-006
33.03 9.11392e-006
33.04 9.35372e-006
33.05 9.55959e-006
33.06 9.73156e-006
33.07 9.86979e-006
33.08 9.97454e-006
33.09 1.00461e-005
33.1 1.00848e-005
33.11 1.00908e-005
33.12 1.00647e-005
33.13 1.00068e-005
33.14 9.91784e-006
33.15 9.79833e-006
33.16 9.64901e-006
33.17 9.47065e-006
33.18 9.26409e-006
33.19 9.03017e-006
33.2 8.76986e-006
33.21 8.4842e-006
33.22 8.17428e-006
33.23 7.84125e-006
33.24 7.48633e-006
33.25 7.11076e-006
33.26 6.71582e-006
33.27 6.30283e-006
33.28 5.87312e-006
33.29 5.428e-006
33.3 4.96875e-006
33.31 4.49664e-006
33.32 4.01291e-006
33.33 3.5189e-006
33.34 3.016e-006
33.35 2.50563e-006
33.36 1.98927e-006
33.37 1.46832e-006
33.38 9.44121e-007
33.39 4.17968e-007
33.4 -1.08816e-007
33.41 -6.34855e-007
33.42 -1.15879e-006
33.43 -1.67927e-006
33.44 -2.19499e-006
33.45 -2.70471e-006
33.46 -3.20724e-006
33.47 -3.7014e-006
33.48 -4.18607e-006
33.49 -4.66009e-006
33.5 -5.12234e-006
33.51 -5.57165e-006
33.52 -6.00674e-006
33.53 -6.42632e-006
33.54 -6.82909e-006
33.55 -7.21382e-006
33.56 -7.57942e-006
33.57 -7.92489e-006
33.58 -8.24929e-006
33.59 -8.55175e-006
33.6 -8.83137e-006
33.61 -9.08727e-006
33.62 -9.31862e-006
33.63 -9.52467e-006
33.64 -9.70484e-006
33.65 -9.85868e-006
33.66 -9.98583e-006
33.67 -1.0086e-005
33.68 -1.0159e-005
33.69 -1.02047e-005
33.7 -1.0223e-005
33.71 -1.02138e-005
33.72 -1.01771e-005
33.73 -1.0113e-005
33.74 -1.00216e-005
33.75 -9.90297e-006
33.76 -9.7575e-006
33.77 -9.58556e-006
33.78 -9.38765e-006
33.79 -9.16433e-006
33.8 -8.91619e-006
33.81 -8.64389e-006
33.82 -8.3482e-006
33.83 -8.02999e-006
33.84 -7.69024e-006
33.85 -7.33008e-006
33.86 -6.95068e-006
33.87 -6.55328e-006
33.88 -6.13919e-006
33.89 -5.70975e-006
33.9 -5.2663e-006
33.91 -4.81022e-006
33.92 -4.34284e-006
33.93 -3.86549e-006
33.94 -3.37952e-006
33.95 -2.88623e-006
33.96 -2.38693e-006
33.97 -1.88285e-006
33.98 -1.37524e-006
33.99 -8.65315e-007
34 -3.54272e-007
34.01 1.56674e-007
34.02 6.66263e-007
34.03 1.17323e-006
34.04 1.67631e-006
34.05 2.17424e-006
34.06 2.66572e-006
34.07 3.14942e-006
34.08 3.624e-006
34.09 4.08816e-006
34.1 4.54063e-006
34.11 4.98016e-006
34.12 5.40554e-006
34.13 5.81557e-006
34.14 6.209e-006
34.15 6.58464e-006
34.16 6.94131e-006
34.17 7.27789e-006
34.18 7.59334e-006
34.19 7.8867e-006
34.2 8.15704e-006
34.21 8.40356e-006
34.22 8.62555e-006
34.23 8.8224e-006
34.24 8.99362e-006
34.25 9.13879e-006
34.26 9.25757e-006
34.27 9.34969e-006
34.28 9.41492e-006
34.29 9.4531e-006
34.3 9.46409e-006
34.31 9.44791e-006
34.32 9.40471e-006
34.33 9.33479e-006
34.34 9.23861e-006
34.35 9.11669e-006
34.36 8.96961e-006
34.37 8.79799e-006
34.38 8.60249e-006
34.39 8.38382e-006
34.4 8.14281e-006
34.41 7.88033e-006
34.42 7.59731e-006
34.43 7.29473e-006
34.44 6.97362e-006
34.45 6.63502e-006
34.46 6.27995e-006
34.47 5.90945e-006
34.48 5.52463e-006
34.49 5.12672e-006
34.5 4.71699e-006
34.51 4.29677e-006
34.52 3.86735e-006
34.53 3.42999e-006
34.54 2.98594e-006
34.55 2.53642e-006
34.56 2.08268e-006
34.57 1.62603e-006
34.58 1.16777e-006
34.59 7.09264e-007
34.6 2.51828e-007
34.61 -2.03254e-007
34.62 -6.54757e-007
34.63 -1.10151e-006
34.64 -1.54235e-006
34.65 -1.97616e-006
34.66 -2.40185e-006
34.67 -2.81841e-006
34.68 -3.22486e-006
34.69 -3.62028e-006
34.7 -4.00376e-006
34.71 -4.37439e-006
34.72 -4.73126e-006
34.73 -5.07344e-006
34.74 -5.40004e-006
34.75 -5.71019e-006
34.76 -6.00302e-006
34.77 -6.2777e-006
34.78 -6.53343e-006
34.79 -6.76947e-006
34.8 -6.98505e-006
34.81 -7.17952e-006
34.82 -7.35229e-006
34.83 -7.5029e-006
34.84 -7.63097e-006
34.85 -7.73625e-006
34.86 -7.81861e-006
34.87 -7.87799e-006
34.88 -7.91441e-006
34.89 -7.92793e-006
34.9 -7.91869e-006
34.91 -7.88696e-006
34.92 -7.83306e-006
34.93 -7.75736e-006
34.94 -7.66029e-006
34.95 -7.54237e-006
34.96 -7.40417e-006
34.97 -7.24627e-006
34.98 -7.06934e-006
34.99 -6.87408e-006
35 -6.66122e-006
35.01 -6.43146e-006
35.02 -6.1855e-006
35.03 -5.92404e-006
35.04 -5.64783e-006
35.05 -5.35764e-006
35.06 -5.05434e-006
35.07 -4.73883e-006
35.08 -4.41205e-006
35.09 -4.07491e-006
35.1 -3.72831e-006
35.11 -3.37315e-006
35.12 -3.01029e-006
35.13 -2.64055e-006
35.14 -2.26473e-006
35.15 -1.8837e-006
35.16 -1.49828e-006
35.17 -1.10933e-006
35.18 -7.17729e-007
35.19 -3.24419e-007
35.2 6.96248e-008
35.21 4.63406e-007
35.22 8.55914e-007
35.23 1.24607e-006
35.24 1.63273e-006
35.25 2.01474e-006
35.26 2.39098e-006
35.27 2.76029e-006
35.28 3.12152e-006
35.29 3.47354e-006
35.3 3.81527e-006
35.31 4.14561e-006
35.32 4.46353e-006
35.33 4.76803e-006
35.34 5.05818e-006
35.35 5.33308e-006
35.36 5.59189e-006
35.37 5.83376e-006
35.38 6.05791e-006
35.39 6.26361e-006
35.4 6.4501e-006
35.41 6.61675e-006
35.42 6.76294e-006
35.43 6.88811e-006
35.44 6.99176e-006
35.45 7.07345e-006
35.46 7.13278e-006
35.47 7.16946e-006
35.48 7.18325e-006
35.49 7.17401e-006
35.5 7.14168e-006
35.51 7.0863e-006
35.52 7.00802e-006
35.53 6.9071e-006
35.54 6.78389e-006
35.55 6.63882e-006
35.56 6.47245e-006
35.57 6.28543e-006
35.58 6.07848e-006
35.59 5.85242e-006
35.6 5.60817e-006
35.61 5.34673e-006
35.62 5.0692e-006
35.63 4.77669e-006
35.64 4.47038e-006
35.65 4.1515e-006
35.66 3.82126e-006
35.67 3.48092e-006
35.68 3.13174e-006
35.69 2.77499e-006
35.7 2.41191e-006
35.71 2.04373e-006
35.72 1.67168e-006
35.73 1.29701e-006
35.74 9.20919e-007
35.75 5.44671e-007
35.76 1.69512e-007
35.77 -2.03328e-007
35.78 -5.72595e-007
35.79 -9.37026e-007
35.8 -1.2954e-006
35.81 -1.64654e-006
35.82 -1.9893e-006
35.83 -2.32258e-006
35.84 -2.64537e-006
35.85 -2.95668e-006
35.86 -3.25558e-006
35.87 -3.54121e-006
35.88 -3.81283e-006
35.89 -4.06982e-006
35.9 -4.31161e-006
35.91 -4.53765e-006
35.92 -4.74737e-006
35.93 -4.94027e-006
35.94 -5.1159e-006
35.95 -5.27386e-006
35.96 -5.41383e-006
35.97 -5.53553e-006
35.98 -5.63871e-006
35.99 -5.7231e-006
36 -5.78839e-006
36.01 -5.83433e-006
36.02 -5.86071e-006
36.03 -5.86741e-006
36.04 -5.8543e-006
36.05 -5.82128e-006
36.06 -5.7682e-006
36.07 -5.69502e-006
36.08 -5.60174e-006
36.09 -5.48858e-006
36.1 -5.35583e-006
36.11 -5.20385e-006
36.12 -5.03303e-006
36.13 -4.84375e-006
36.14 -4.63645e-006
36.15 -4.41164e-006
36.16 -4.16998e-006
36.17 -3.91226e-006
36.18 -3.63947e-006
36.19 -3.35266e-006
36.2 -3.05294e-006
36.21 -2.74145e-006
36.22 -2.41929e-006
36.23 -2.08757e-006
36.24 -1.74739e-006
36.25 -1.39987e-006
36.26 -1.04606e-006
36.27 -6.87027e-007
36.28 -3.23909e-007
36.29 4.20826e-008
36.3 4.09707e-007
36.31 7.77695e-007
36.32 1.14476e-006
36.33 1.50967e-006
36.34 1.87121e-006
36.35 2.22819e-006
36.36 2.5794e-006
36.37 2.92359e-006
36.38 3.2595e-006
36.39 3.58587e-006
36.4 3.90152e-006
36.41 4.20527e-006
36.42 4.49612e-006
36.43 4.77315e-006
36.44 5.0355e-006
36.45 5.28242e-006
36.46 5.51322e-006
36.47 5.72725e-006
36.48 5.92388e-006
36.49 6.10262e-006
36.5 6.26304e-006
36.51 6.40481e-006
36.52 6.52762e-006
36.53 6.63121e-006
36.54 6.71539e-006
36.55 6.78005e-006
36.56 6.82519e-006
36.57 6.85089e-006
36.58 6.85733e-006
36.59 6.84472e-006
36.6 6.81334e-006
36.61 6.76358e-006
36.62 6.69585e-006
36.63 6.61059e-006
36.64 6.50828e-006
36.65 6.38943e-006
36.66 6.25456e-006
36.67 6.10417e-006
36.68 5.93875e-006
36.69 5.75882e-006
36.7 5.56484e-006
36.71 5.3573e-006
36.72 5.13669e-006
36.73 4.9036e-006
36.74 4.65863e-006
36.75 4.40239e-006
36.76 4.13556e-006
36.77 3.85885e-006
36.78 3.57301e-006
36.79 3.27889e-006
36.8 2.9774e-006
36.81 2.66947e-006
36.82 2.35608e-006
36.83 2.03827e-006
36.84 1.71701e-006
36.85 1.39328e-006
36.86 1.068e-006
36.87 7.42084e-007
36.88 4.1644e-007
36.89 9.19628e-008
36.9 -2.30455e-007
36.91 -5.49913e-007
36.92 -8.65518e-007
36.93 -1.17641e-006
36.94 -1.48178e-006
36.95 -1.78089e-006
36.96 -2.07306e-006
36.97 -2.35768e-006
36.98 -2.63418e-006
36.99 -2.902e-006
37 -3.16063e-006
37.01 -3.40956e-006
37.02 -3.64832e-006
37.03 -3.87646e-006
37.04 -4.0935e-006
37.05 -4.29903e-006
37.06 -4.4927e-006
37.07 -4.67425e-006
37.08 -4.84349e-006
37.09 -5.00028e-006
37.1 -5.1445e-006
37.11 -5.27603e-006
37.12 -5.39471e-006
37.13 -5.50033e-006
37.14 -5.59266e-006
37.15 -5.67155e-006
37.16 -5.73693e-006
37.17 -5.78881e-006
37.18 -5.8272e-006
37.19 -5.85214e-006
37.2 -5.86361e-006
37.21 -5.86158e-006
37.22 -5.84609e-006
37.23 -5.81718e-006
37.24 -5.77495e-006
37.25 -5.71958e-006
37.26 -5.65124e-006
37.27 -5.57014e-006
37.28 -5.47653e-006
37.29 -5.37063e-006
37.3 -5.25267e-006
37.31 -5.12285e-006
37.32 -4.98136e-006
37.33 -4.82836e-006
37.34 -4.66408e-006
37.35 -4.48877e-006
37.36 -4.30279e-006
37.37 -4.10655e-006
37.38 -3.90049e-006
37.39 -3.68513e-006
37.4 -3.461e-006
37.41 -3.22864e-006
37.42 -2.9886e-006
37.43 -2.74141e-006
37.44 -2.48763e-006
37.45 -2.22783e-006
37.46 -1.96256e-006
37.47 -1.6924e-006
37.48 -1.41791e-006
37.49 -1.13968e-006
37.5 -8.58288e-007
37.51 -5.74326e-007
37.52 -2.88403e-007
37.53 -1.12269e-009
37.54 2.8696e-007
37.55 5.75306e-007
37.56 8.63357e-007
37.57 1.1505e-006
37.58 1.43607e-006
37.59 1.71937e-006
37.6 1.99968e-006
37.61 2.27636e-006
37.62 2.54878e-006
37.63 2.81635e-006
37.64 3.07849e-006
37.65 3.33463e-006
37.66 3.58425e-006
37.67 3.8268e-006
37.68 4.06179e-006
37.69 4.28874e-006
37.7 4.50717e-006
37.71 4.7166e-006
37.72 4.91651e-006
37.73 5.10639e-006
37.74 5.28574e-006
37.75 5.45404e-006
37.76 5.61086e-006
37.77 5.75578e-006
37.78 5.88843e-006
37.79 6.00845e-006
37.8 6.11556e-006
37.81 6.20949e-006
37.82 6.29e-006
37.83 6.35689e-006
37.84 6.41001e-006
37.85 6.44923e-006
37.86 6.47449e-006
37.87 6.48574e-006
37.88 6.48296e-006
37.89 6.46619e-006
37.9 6.43544e-006
37.91 6.39072e-006
37.92 6.33199e-006
37.93 6.25921e-006
37.94 6.17239e-006
37.95 6.07154e-006
37.96 5.95674e-006
37.97 5.82814e-006
37.98 5.68597e-006
37.99 5.53048e-006
38 5.36196e-006
38.01 5.18076e-006
38.02 4.98736e-006
38.03 4.78235e-006
38.04 4.56648e-006
38.05 4.34064e-006
38.06 4.10577e-006
38.07 3.86276e-006
38.08 3.61244e-006
38.09 3.35555e-006
38.1 3.09281e-006
38.11 2.82497e-006
38.12 2.55286e-006
38.13 2.2774e-006
38.14 1.99949e-006
38.15 1.72004e-006
38.16 1.43986e-006
38.17 1.15967e-006
38.18 8.80049e-007
38.19 6.0161e-007
38.2 3.25015e-007
38.21 5.09727e-008
38.22 -2.198e-007
38.23 -4.86619e-007
38.24 -7.48861e-007
38.25 -1.00594e-006
38.26 -1.2573e-006
38.27 -1.50239e-006
38.28 -1.74068e-006
38.29 -1.97166e-006
38.3 -2.19481e-006
38.31 -2.40965e-006
38.32 -2.61566e-006
38.33 -2.81232e-006
38.34 -2.99912e-006
38.35 -3.17563e-006
38.36 -3.34149e-006
38.37 -3.49641e-006
38.38 -3.64014e-006
38.39 -3.77243e-006
38.4 -3.89297e-006
38.41 -4.00147e-006
38.42 -4.09764e-006
38.43 -4.18119e-006
38.44 -4.2519e-006
38.45 -4.3096e-006
38.46 -4.35419e-006
38.47 -4.3856e-006
38.48 -4.40377e-006
38.49 -4.40868e-006
38.5 -4.40033e-006
38.51 -4.37878e-006
38.52 -4.34411e-006
38.53 -4.29647e-006
38.54 -4.23606e-006
38.55 -4.16315e-006
38.56 -4.07811e-006
38.57 -3.98139e-006
38.58 -3.87341e-006
38.59 -3.75458e-006
38.6 -3.62528e-006
38.61 -3.48589e-006
38.62 -3.33675e-006
38.63 -3.17822e-006
38.64 -3.0106e-006
38.65 -2.83422e-006
38.66 -2.64943e-006
38.67 -2.45657e-006
38.68 -2.25598e-006
38.69 -2.04808e-006
38.7 -1.83329e-006
38.71 -1.61207e-006
38.72 -1.38488e-006
38.73 -1.15227e-006
38.74 -9.14791e-007
38.75 -6.73047e-007
38.76 -4.27607e-007
38.77 -1.79048e-007
38.78 7.20511e-008
38.79 3.25098e-007
38.8 5.79432e-007
38.81 8.34342e-007
38.82 1.08909e-006
38.83 1.34288e-006
38.84 1.59487e-006
38.85 1.84416e-006
38.86 2.08992e-006
38.87 2.33134e-006
38.88 2.56765e-006
38.89 2.79809e-006
38.9 3.02187e-006
38.91 3.23823e-006
38.92 3.44643e-006
38.93 3.64576e-006
38.94 3.83554e-006
38.95 4.01513e-006
38.96 4.18391e-006
38.97 4.34129e-006
38.98 4.48671e-006
38.99 4.61963e-006
39 4.73956e-006
39.01 4.8461e-006
39.02 4.93885e-006
39.03 5.01746e-006
39.04 5.08159e-006
39.05 5.13097e-006
39.06 5.16539e-006
39.07 5.18468e-006
39.08 5.18868e-006
39.09 5.17731e-006
39.1 5.15046e-006
39.11 5.10806e-006
39.12 5.05006e-006
39.13 4.97648e-006
39.14 4.88743e-006
39.15 4.78307e-006
39.16 4.66364e-006
39.17 4.52938e-006
39.18 4.38056e-006
39.19 4.21751e-006
39.2 4.04063e-006
39.21 3.85041e-006
39.22 3.64743e-006
39.23 3.43229e-006
39.24 3.20568e-006
39.25 2.96832e-006
39.26 2.72103e-006
39.27 2.46467e-006
39.28 2.20011e-006
39.29 1.92824e-006
39.3 1.64992e-006
39.31 1.36608e-006
39.32 1.0777e-006
39.33 7.85832e-007
39.34 4.91594e-007
39.35 1.96055e-007
39.36 -9.97652e-008
39.37 -3.94865e-007
39.38 -6.88277e-007
39.39 -9.79078e-007
39.4 -1.26635e-006
39.41 -1.54923e-006
39.42 -1.8269e-006
39.43 -2.09861e-006
39.44 -2.36362e-006
39.45 -2.62127e-006
39.46 -2.87095e-006
39.47 -3.11211e-006
39.48 -3.34427e-006
39.49 -3.56692e-006
39.5 -3.77952e-006
39.51 -3.98151e-006
39.52 -4.17235e-006
39.53 -4.35151e-006
39.54 -4.51854e-006
39.55 -4.67312e-006
39.56 -4.81499e-006
39.57 -4.94396e-006
39.58 -5.05985e-006
39.59 -5.16244e-006
39.6 -5.25152e-006
39.61 -5.32686e-006
39.62 -5.38836e-006
39.63 -5.43601e-006
39.64 -5.46991e-006
39.65 -5.49015e-006
39.66 -5.49683e-006
39.67 -5.49008e-006
39.68 -5.47007e-006
39.69 -5.43705e-006
39.7 -5.39131e-006
39.71 -5.33316e-006
39.72 -5.26299e-006
39.73 -5.18119e-006
39.74 -5.08815e-006
39.75 -4.98428e-006
39.76 -4.87002e-006
39.77 -4.74588e-006
39.78 -4.61234e-006
39.79 -4.4699e-006
39.8 -4.31901e-006
39.81 -4.16019e-006
39.82 -3.99398e-006
39.83 -3.82096e-006
39.84 -3.6417e-006
39.85 -3.4567e-006
39.86 -3.26641e-006
39.87 -3.07125e-006
39.88 -2.87168e-006
39.89 -2.66821e-006
39.9 -2.46139e-006
39.91 -2.2518e-006
39.92 -2.03997e-006
39.93 -1.82639e-006
39.94 -1.61151e-006
39.95 -1.39577e-006
39.96 -1.17967e-006
39.97 -9.63761e-007
39.98 -7.4862e-007
39.99 -5.34818e-007
40 -3.22886e-007
